{"contracts/AbstractVirtualToken.sol":{"l":{"122":0,"133":10,"134":10,"135":10,"136":9,"137":9,"138":9,"140":10,"152":2,"153":2,"154":2,"155":2,"157":2,"159":2,"160":1,"161":1,"162":1,"164":2,"176":3,"177":3,"179":3,"191":3,"249":0,"259":20,"270":11,"272":10,"273":10,"287":3,"288":2,"290":2,"291":2,"308":29,"310":28,"311":28,"312":28,"313":0,"325":12,"326":12,"328":11,"330":9,"331":9,"332":9,"333":9},"path":"/Users/tikonoff/projects/etheal-contracts/contracts/AbstractVirtualToken.sol","s":{"1":0,"2":10,"3":10,"4":0,"5":10,"6":9,"7":9,"8":9,"9":10,"10":2,"11":2,"12":0,"13":2,"14":2,"15":0,"16":2,"17":2,"18":1,"19":1,"20":1,"21":2,"22":3,"23":3,"24":3,"25":3,"26":0,"27":20,"28":11,"29":1,"30":10,"31":10,"32":3,"33":1,"34":2,"35":0,"36":2,"37":2,"38":29,"39":1,"40":28,"41":28,"42":28,"43":0,"44":12,"45":12,"46":11,"47":9,"48":9,"49":9,"50":9},"b":{"1":[0,10],"2":[9,1],"3":[0,2],"4":[0,2],"5":[1,1],"6":[1,10],"7":[1,2],"8":[0,2],"9":[1,28],"10":[0,28],"11":[11,1],"12":[9,2],"13":[9,0]},"f":{"1":237,"2":0,"3":10,"4":2,"5":3,"6":3,"7":237,"8":0,"9":20,"10":11,"11":3,"12":29,"13":12},"fnMap":{"1":{"name":"AbstractToken","line":111,"loc":{"start":{"line":111,"column":4},"end":{"line":111,"column":27}}},"2":{"name":"balanceOf","line":121,"loc":{"start":{"line":121,"column":4},"end":{"line":121,"column":68}}},"3":{"name":"transfer","line":132,"loc":{"start":{"line":132,"column":4},"end":{"line":132,"column":72}}},"4":{"name":"transferFrom","line":151,"loc":{"start":{"line":151,"column":4},"end":{"line":151,"column":91}}},"5":{"name":"approve","line":175,"loc":{"start":{"line":175,"column":4},"end":{"line":175,"column":76}}},"6":{"name":"allowance","line":190,"loc":{"start":{"line":190,"column":4},"end":{"line":190,"column":88}}},"7":{"name":"AbstractVirtualToken","line":239,"loc":{"start":{"line":239,"column":4},"end":{"line":239,"column":34}}},"8":{"name":"totalSupply","line":248,"loc":{"start":{"line":248,"column":4},"end":{"line":248,"column":55}}},"9":{"name":"balanceOf","line":258,"loc":{"start":{"line":258,"column":4},"end":{"line":258,"column":72}}},"10":{"name":"transfer","line":269,"loc":{"start":{"line":269,"column":4},"end":{"line":269,"column":72}}},"11":{"name":"transferFrom","line":286,"loc":{"start":{"line":286,"column":4},"end":{"line":286,"column":91}}},"12":{"name":"getVirtualBalance","line":307,"loc":{"start":{"line":307,"column":4},"end":{"line":307,"column":92}}},"13":{"name":"materializeBalanceIfNeeded","line":324,"loc":{"start":{"line":324,"column":4},"end":{"line":324,"column":78}}}},"statementMap":{"1":{"start":{"line":122,"column":8},"end":{"line":122,"column":31}},"2":{"start":{"line":133,"column":8},"end":{"line":133,"column":49}},"3":{"start":{"line":134,"column":8},"end":{"line":134,"column":46}},"4":{"start":{"line":134,"column":34},"end":{"line":134,"column":46}},"5":{"start":{"line":135,"column":8},"end":{"line":135,"column":4976}},"6":{"start":{"line":136,"column":12},"end":{"line":136,"column":57}},"7":{"start":{"line":137,"column":12},"end":{"line":137,"column":52}},"8":{"start":{"line":138,"column":12},"end":{"line":138,"column":44}},"9":{"start":{"line":140,"column":8},"end":{"line":140,"column":19}},"10":{"start":{"line":152,"column":8},"end":{"line":152,"column":63}},"11":{"start":{"line":153,"column":8},"end":{"line":153,"column":51}},"12":{"start":{"line":153,"column":39},"end":{"line":153,"column":51}},"13":{"start":{"line":154,"column":8},"end":{"line":154,"column":44}},"14":{"start":{"line":155,"column":8},"end":{"line":155,"column":46}},"15":{"start":{"line":155,"column":34},"end":{"line":155,"column":46}},"16":{"start":{"line":157,"column":8},"end":{"line":157,"column":67}},"17":{"start":{"line":159,"column":8},"end":{"line":159,"column":5993}},"18":{"start":{"line":160,"column":12},"end":{"line":160,"column":52}},"19":{"start":{"line":161,"column":12},"end":{"line":161,"column":52}},"20":{"start":{"line":162,"column":12},"end":{"line":162,"column":39}},"21":{"start":{"line":164,"column":8},"end":{"line":164,"column":19}},"22":{"start":{"line":176,"column":8},"end":{"line":176,"column":48}},"23":{"start":{"line":177,"column":8},"end":{"line":177,"column":45}},"24":{"start":{"line":179,"column":8},"end":{"line":179,"column":19}},"25":{"start":{"line":191,"column":8},"end":{"line":191,"column":43}},"26":{"start":{"line":249,"column":8},"end":{"line":249,"column":26}},"27":{"start":{"line":259,"column":8},"end":{"line":259,"column":79}},"28":{"start":{"line":270,"column":8},"end":{"line":270,"column":9948}},"29":{"start":{"line":270,"column":44},"end":{"line":270,"column":56}},"30":{"start":{"line":272,"column":12},"end":{"line":272,"column":57}},"31":{"start":{"line":273,"column":12},"end":{"line":273,"column":54}},"32":{"start":{"line":287,"column":8},"end":{"line":287,"column":63}},"33":{"start":{"line":287,"column":51},"end":{"line":287,"column":63}},"34":{"start":{"line":288,"column":8},"end":{"line":288,"column":10717}},"35":{"start":{"line":288,"column":39},"end":{"line":288,"column":51}},"36":{"start":{"line":290,"column":12},"end":{"line":290,"column":52}},"37":{"start":{"line":291,"column":12},"end":{"line":291,"column":65}},"38":{"start":{"line":308,"column":8},"end":{"line":308,"column":11509}},"39":{"start":{"line":308,"column":61},"end":{"line":308,"column":69}},"40":{"start":{"line":310,"column":12},"end":{"line":310,"column":53}},"41":{"start":{"line":311,"column":12},"end":{"line":311,"column":76}},"42":{"start":{"line":312,"column":12},"end":{"line":312,"column":11777}},"43":{"start":{"line":313,"column":16},"end":{"line":313,"column":50}},"44":{"start":{"line":325,"column":8},"end":{"line":325,"column":47}},"45":{"start":{"line":326,"column":8},"end":{"line":326,"column":12262}},"46":{"start":{"line":328,"column":12},"end":{"line":328,"column":12384}},"47":{"start":{"line":330,"column":16},"end":{"line":330,"column":65}},"48":{"start":{"line":331,"column":16},"end":{"line":331,"column":68}},"49":{"start":{"line":332,"column":16},"end":{"line":332,"column":92}},"50":{"start":{"line":333,"column":16},"end":{"line":333,"column":60}}},"branchMap":{"1":{"line":134,"type":"if","locations":[{"start":{"line":134,"column":8},"end":{"line":134,"column":8}},{"start":{"line":134,"column":8},"end":{"line":134,"column":8}}]},"2":{"line":135,"type":"if","locations":[{"start":{"line":135,"column":8},"end":{"line":135,"column":8}},{"start":{"line":135,"column":8},"end":{"line":135,"column":8}}]},"3":{"line":153,"type":"if","locations":[{"start":{"line":153,"column":8},"end":{"line":153,"column":8}},{"start":{"line":153,"column":8},"end":{"line":153,"column":8}}]},"4":{"line":155,"type":"if","locations":[{"start":{"line":155,"column":8},"end":{"line":155,"column":8}},{"start":{"line":155,"column":8},"end":{"line":155,"column":8}}]},"5":{"line":159,"type":"if","locations":[{"start":{"line":159,"column":8},"end":{"line":159,"column":8}},{"start":{"line":159,"column":8},"end":{"line":159,"column":8}}]},"6":{"line":270,"type":"if","locations":[{"start":{"line":270,"column":8},"end":{"line":270,"column":8}},{"start":{"line":270,"column":8},"end":{"line":270,"column":8}}]},"7":{"line":287,"type":"if","locations":[{"start":{"line":287,"column":8},"end":{"line":287,"column":8}},{"start":{"line":287,"column":8},"end":{"line":287,"column":8}}]},"8":{"line":288,"type":"if","locations":[{"start":{"line":288,"column":8},"end":{"line":288,"column":8}},{"start":{"line":288,"column":8},"end":{"line":288,"column":8}}]},"9":{"line":308,"type":"if","locations":[{"start":{"line":308,"column":8},"end":{"line":308,"column":8}},{"start":{"line":308,"column":8},"end":{"line":308,"column":8}}]},"10":{"line":312,"type":"if","locations":[{"start":{"line":312,"column":12},"end":{"line":312,"column":12}},{"start":{"line":312,"column":12},"end":{"line":312,"column":12}}]},"11":{"line":326,"type":"if","locations":[{"start":{"line":326,"column":8},"end":{"line":326,"column":8}},{"start":{"line":326,"column":8},"end":{"line":326,"column":8}}]},"12":{"line":328,"type":"if","locations":[{"start":{"line":328,"column":12},"end":{"line":328,"column":12}},{"start":{"line":328,"column":12},"end":{"line":328,"column":12}}]},"13":{"line":331,"type":"if","locations":[{"start":{"line":331,"column":16},"end":{"line":331,"column":16}},{"start":{"line":331,"column":16},"end":{"line":331,"column":16}}]}}},"contracts/CappedCrowdsale.sol":{"l":{"16":240,"17":239,"23":0,"29":263,"34":228,"39":0,"40":0,"42":0,"44":0,"45":0,"46":0},"path":"/Users/tikonoff/projects/etheal-contracts/contracts/CappedCrowdsale.sol","s":{"1":240,"2":239,"3":0,"4":263,"5":228,"6":0,"7":0,"8":0,"9":0,"10":0},"b":{"1":[239,1],"2":[0,0],"3":[0,0]},"f":{"1":240,"2":0,"3":263,"4":228,"5":0},"fnMap":{"1":{"name":"CappedCrowdsale","line":15,"loc":{"start":{"line":15,"column":2},"end":{"line":15,"column":40}}},"2":{"name":"validPurchase","line":22,"loc":{"start":{"line":22,"column":2},"end":{"line":22,"column":76}}},"3":{"name":"hasEnded","line":28,"loc":{"start":{"line":28,"column":2},"end":{"line":28,"column":52}}},"4":{"name":"capReached","line":33,"loc":{"start":{"line":33,"column":2},"end":{"line":33,"column":56}}},"5":{"name":"buyTokens","line":38,"loc":{"start":{"line":38,"column":2},"end":{"line":38,"column":56}}}},"statementMap":{"1":{"start":{"line":16,"column":4},"end":{"line":16,"column":20}},"2":{"start":{"line":17,"column":4},"end":{"line":17,"column":13}},"3":{"start":{"line":23,"column":4},"end":{"line":23,"column":58}},"4":{"start":{"line":29,"column":4},"end":{"line":29,"column":43}},"5":{"start":{"line":34,"column":3},"end":{"line":34,"column":26}},"6":{"start":{"line":39,"column":5},"end":{"line":39,"column":41}},"7":{"start":{"line":40,"column":5},"end":{"line":40,"column":67}},"8":{"start":{"line":42,"column":5},"end":{"line":42,"column":37}},"9":{"start":{"line":44,"column":5},"end":{"line":44,"column":45}},"10":{"start":{"line":45,"column":5},"end":{"line":45,"column":1294}}},"branchMap":{"1":{"line":16,"type":"if","locations":[{"start":{"line":16,"column":4},"end":{"line":16,"column":4}},{"start":{"line":16,"column":4},"end":{"line":16,"column":4}}]},"2":{"line":40,"type":"cond-expr","locations":[{"start":{"line":40,"column":48},"end":{"line":40,"column":56}},{"start":{"line":40,"column":59},"end":{"line":40,"column":68}}]},"3":{"line":45,"type":"if","locations":[{"start":{"line":45,"column":5},"end":{"line":45,"column":5}},{"start":{"line":45,"column":5},"end":{"line":45,"column":5}}]}}},"contracts/Controlled.sol":{"l":{"15":237},"path":"/Users/tikonoff/projects/etheal-contracts/contracts/Controlled.sol","s":{"1":1896,"2":237,"3":237},"b":{"1":[1896,0]},"f":{"1":1896,"2":237,"3":237},"fnMap":{"1":{"name":"onlyController","line":6,"loc":{"start":{"line":6,"column":4},"end":{"line":6,"column":25}}},"2":{"name":"Controlled","line":10,"loc":{"start":{"line":10,"column":4},"end":{"line":10,"column":30}}},"3":{"name":"changeController","line":14,"loc":{"start":{"line":14,"column":4},"end":{"line":14,"column":73}}}},"statementMap":{"1":{"start":{"line":6,"column":30},"end":{"line":6,"column":62}},"2":{"start":{"line":10,"column":35},"end":{"line":10,"column":57}},"3":{"start":{"line":15,"column":8},"end":{"line":15,"column":34}}},"branchMap":{"1":{"line":6,"type":"if","locations":[{"start":{"line":6,"column":30},"end":{"line":6,"column":30}},{"start":{"line":6,"column":30},"end":{"line":6,"column":30}}]}}},"contracts/Crowdsale.sol":{"l":{"44":242,"45":242,"46":242,"47":241,"49":240,"50":240,"51":240,"52":240,"58":42,"63":0,"68":0,"69":0,"71":0,"74":0,"76":0,"83":0,"85":0,"87":0,"93":75,"98":0,"99":0,"100":0,"105":263,"110":0},"path":"/Users/tikonoff/projects/etheal-contracts/contracts/Crowdsale.sol","s":{"1":242,"2":242,"3":242,"4":241,"5":240,"6":240,"7":240,"8":240,"9":42,"10":0,"11":0,"12":0,"13":0,"14":0,"15":0,"16":0,"17":0,"18":0,"19":0,"20":0,"21":263,"22":0},"b":{"1":[242,0],"2":[242,0],"3":[241,1],"4":[240,1],"5":[0,0],"6":[0,0]},"f":{"1":242,"2":42,"3":0,"4":0,"5":0,"6":75,"7":0,"8":263,"9":0},"fnMap":{"1":{"name":"Crowdsale","line":43,"loc":{"start":{"line":43,"column":2},"end":{"line":43,"column":90}}},"2":{"name":null,"line":57,"loc":{"start":{"line":57,"column":2},"end":{"line":57,"column":21}}},"3":{"name":"buyTokens","line":62,"loc":{"start":{"line":62,"column":2},"end":{"line":62,"column":56}}},"4":{"name":"buyTokens","line":67,"loc":{"start":{"line":67,"column":2},"end":{"line":67,"column":69}}},"5":{"name":"transferToken","line":81,"loc":{"start":{"line":81,"column":2},"end":{"line":81,"column":73}}},"6":{"name":"forwardFunds","line":92,"loc":{"start":{"line":92,"column":2},"end":{"line":92,"column":51}}},"7":{"name":"validPurchase","line":97,"loc":{"start":{"line":97,"column":2},"end":{"line":97,"column":76}}},"8":{"name":"hasEnded","line":104,"loc":{"start":{"line":104,"column":2},"end":{"line":104,"column":52}}},"9":{"name":"hasStarted","line":109,"loc":{"start":{"line":109,"column":2},"end":{"line":109,"column":54}}}},"statementMap":{"1":{"start":{"line":44,"column":4},"end":{"line":44,"column":29}},"2":{"start":{"line":45,"column":4},"end":{"line":45,"column":34}},"3":{"start":{"line":46,"column":4},"end":{"line":46,"column":21}},"4":{"start":{"line":47,"column":4},"end":{"line":47,"column":26}},"5":{"start":{"line":49,"column":4},"end":{"line":49,"column":25}},"6":{"start":{"line":50,"column":4},"end":{"line":50,"column":21}},"7":{"start":{"line":51,"column":4},"end":{"line":51,"column":15}},"8":{"start":{"line":52,"column":4},"end":{"line":52,"column":19}},"9":{"start":{"line":58,"column":4},"end":{"line":58,"column":24}},"10":{"start":{"line":63,"column":4},"end":{"line":63,"column":36}},"11":{"start":{"line":68,"column":4},"end":{"line":68,"column":30}},"12":{"start":{"line":69,"column":4},"end":{"line":69,"column":36}},"13":{"start":{"line":71,"column":4},"end":{"line":71,"column":40}},"14":{"start":{"line":74,"column":4},"end":{"line":74,"column":39}},"15":{"start":{"line":76,"column":4},"end":{"line":76,"column":26}},"16":{"start":{"line":83,"column":4},"end":{"line":83,"column":39}},"17":{"start":{"line":87,"column":4},"end":{"line":87,"column":60}},"18":{"start":{"line":98,"column":4},"end":{"line":98,"column":57}},"19":{"start":{"line":99,"column":4},"end":{"line":99,"column":40}},"20":{"start":{"line":100,"column":4},"end":{"line":100,"column":42}},"21":{"start":{"line":105,"column":4},"end":{"line":105,"column":24}},"22":{"start":{"line":110,"column":4},"end":{"line":110,"column":27}}},"branchMap":{"1":{"line":44,"type":"if","locations":[{"start":{"line":44,"column":4},"end":{"line":44,"column":4}},{"start":{"line":44,"column":4},"end":{"line":44,"column":4}}]},"2":{"line":45,"type":"if","locations":[{"start":{"line":45,"column":4},"end":{"line":45,"column":4}},{"start":{"line":45,"column":4},"end":{"line":45,"column":4}}]},"3":{"line":46,"type":"if","locations":[{"start":{"line":46,"column":4},"end":{"line":46,"column":4}},{"start":{"line":46,"column":4},"end":{"line":46,"column":4}}]},"4":{"line":47,"type":"if","locations":[{"start":{"line":47,"column":4},"end":{"line":47,"column":4}},{"start":{"line":47,"column":4},"end":{"line":47,"column":4}}]},"5":{"line":68,"type":"if","locations":[{"start":{"line":68,"column":4},"end":{"line":68,"column":4}},{"start":{"line":68,"column":4},"end":{"line":68,"column":4}}]},"6":{"line":69,"type":"if","locations":[{"start":{"line":69,"column":4},"end":{"line":69,"column":4}},{"start":{"line":69,"column":4},"end":{"line":69,"column":4}}]}}},"contracts/ECRecovery.sol":{"l":{"18":47,"19":47,"20":47,"23":47,"24":38,"28":9,"35":9,"36":9,"40":9,"41":0,"43":9},"path":"/Users/tikonoff/projects/etheal-contracts/contracts/ECRecovery.sol","s":{"1":47,"2":38,"3":9,"4":9,"5":9,"6":0,"7":9},"b":{"1":[38,9],"2":[9,0],"3":[0,9]},"f":{"1":47},"fnMap":{"1":{"name":"recover","line":17,"loc":{"start":{"line":17,"column":2},"end":{"line":17,"column":73}}}},"statementMap":{"1":{"start":{"line":23,"column":4},"end":{"line":23,"column":619}},"2":{"start":{"line":24,"column":6},"end":{"line":24,"column":25}},"3":{"start":{"line":35,"column":4},"end":{"line":35,"column":944}},"4":{"start":{"line":36,"column":6},"end":{"line":36,"column":12}},"5":{"start":{"line":40,"column":4},"end":{"line":40,"column":1043}},"6":{"start":{"line":41,"column":6},"end":{"line":41,"column":25}},"7":{"start":{"line":43,"column":6},"end":{"line":43,"column":37}}},"branchMap":{"1":{"line":23,"type":"if","locations":[{"start":{"line":23,"column":4},"end":{"line":23,"column":4}},{"start":{"line":23,"column":4},"end":{"line":23,"column":4}}]},"2":{"line":35,"type":"if","locations":[{"start":{"line":35,"column":4},"end":{"line":35,"column":4}},{"start":{"line":35,"column":4},"end":{"line":35,"column":4}}]},"3":{"line":40,"type":"if","locations":[{"start":{"line":40,"column":4},"end":{"line":40,"column":4}},{"start":{"line":40,"column":4},"end":{"line":40,"column":4}}]}}},"contracts/ERC20.sol":{"l":{},"path":"/Users/tikonoff/projects/etheal-contracts/contracts/ERC20.sol","s":{},"b":{},"f":{},"fnMap":{},"statementMap":{},"branchMap":{}},"contracts/ERC20MiniMe.sol":{"l":{},"path":"/Users/tikonoff/projects/etheal-contracts/contracts/ERC20MiniMe.sol","s":{},"b":{},"f":{},"fnMap":{},"statementMap":{},"branchMap":{}},"contracts/EthealController.sol":{"l":{"71":49,"72":49,"77":0,"78":0,"88":237,"90":237,"91":237,"96":0,"98":0,"109":237,"111":237,"114":237,"120":237,"130":0,"133":0,"134":0,"136":0,"140":0,"145":0,"148":0,"153":0,"155":0,"160":0,"170":0,"172":0,"177":0,"179":0,"180":0,"181":0,"184":0,"185":0,"186":0,"189":0,"190":0,"191":0,"196":0,"198":0,"208":237,"210":237,"213":237,"215":0,"218":237,"222":237,"224":237,"226":237,"228":237,"230":237,"232":237,"234":237,"235":237,"246":20,"251":29,"256":0,"266":0,"272":321,"274":321,"278":0,"283":0,"285":0},"path":"/Users/tikonoff/projects/etheal-contracts/contracts/EthealController.sol","s":{"1":49,"2":0,"3":237,"4":237,"5":237,"6":0,"7":237,"8":237,"9":237,"10":237,"11":0,"12":0,"13":0,"14":0,"15":0,"16":0,"17":0,"18":0,"19":0,"20":0,"21":0,"22":0,"23":0,"24":0,"25":0,"26":0,"27":0,"28":237,"29":237,"30":237,"31":0,"32":237,"33":237,"34":237,"35":0,"36":321,"37":0,"38":0},"b":{"1":[49,0],"2":[0,0],"3":[237,0],"4":[0,0],"5":[237,0],"6":[237,0],"7":[0,0],"8":[0,0],"9":[0,0],"10":[0,0],"11":[0,0],"12":[0,0],"13":[0,0],"14":[0,0],"15":[0,0],"16":[0,0],"17":[0,0],"18":[0,0],"19":[237,0],"20":[0,237],"21":[237,0],"22":[237,0],"23":[0,0]},"f":{"1":49,"2":0,"3":237,"4":0,"5":237,"6":237,"7":0,"8":0,"9":0,"10":0,"11":0,"12":0,"13":0,"14":237,"15":20,"16":29,"17":0,"18":0,"19":321,"20":0,"21":0},"fnMap":{"1":{"name":"onlyCrowdsale","line":70,"loc":{"start":{"line":70,"column":4},"end":{"line":70,"column":26}}},"2":{"name":"onlyEthealMultisig","line":76,"loc":{"start":{"line":76,"column":4},"end":{"line":76,"column":31}}},"3":{"name":"EthealController","line":87,"loc":{"start":{"line":87,"column":4},"end":{"line":87,"column":44}}},"4":{"name":"extractTokens","line":95,"loc":{"start":{"line":95,"column":4},"end":{"line":95,"column":75}}},"5":{"name":"setCrowdsaleTransfer","line":108,"loc":{"start":{"line":108,"column":4},"end":{"line":108,"column":80}}},"6":{"name":"isCrowdsaleOpen","line":119,"loc":{"start":{"line":119,"column":4},"end":{"line":119,"column":55}}},"7":{"name":"createGrant","line":129,"loc":{"start":{"line":129,"column":4},"end":{"line":129,"column":110}}},"8":{"name":"transferToGrant","line":144,"loc":{"start":{"line":144,"column":4},"end":{"line":144,"column":73}}},"9":{"name":"revokeGrant","line":152,"loc":{"start":{"line":152,"column":4},"end":{"line":152,"column":52}}},"10":{"name":"getGrantCount","line":159,"loc":{"start":{"line":159,"column":4},"end":{"line":159,"column":53}}},"11":{"name":"burn","line":169,"loc":{"start":{"line":169,"column":4},"end":{"line":169,"column":74}}},"12":{"name":"setNewController","line":176,"loc":{"start":{"line":176,"column":4},"end":{"line":176,"column":74}}},"13":{"name":"setNewMultisig","line":195,"loc":{"start":{"line":195,"column":4},"end":{"line":195,"column":68}}},"14":{"name":"setEthealToken","line":207,"loc":{"start":{"line":207,"column":4},"end":{"line":207,"column":86}}},"15":{"name":"setHodlerTime","line":245,"loc":{"start":{"line":245,"column":4},"end":{"line":245,"column":60}}},"16":{"name":"addHodlerStake","line":250,"loc":{"start":{"line":250,"column":4},"end":{"line":250,"column":84}}},"17":{"name":"setHodlerStake","line":255,"loc":{"start":{"line":255,"column":4},"end":{"line":255,"column":84}}},"18":{"name":"proxyPayment","line":265,"loc":{"start":{"line":265,"column":4},"end":{"line":265,"column":69}}},"19":{"name":"onTransfer","line":270,"loc":{"start":{"line":270,"column":4},"end":{"line":270,"column":88}}},"20":{"name":"onApprove","line":277,"loc":{"start":{"line":277,"column":4},"end":{"line":277,"column":93}}},"21":{"name":"claimTokenTokens","line":282,"loc":{"start":{"line":282,"column":4},"end":{"line":282,"column":60}}}},"statementMap":{"1":{"start":{"line":71,"column":8},"end":{"line":71,"column":48}},"2":{"start":{"line":77,"column":8},"end":{"line":77,"column":59}},"3":{"start":{"line":88,"column":8},"end":{"line":88,"column":37}},"4":{"start":{"line":90,"column":8},"end":{"line":90,"column":20}},"5":{"start":{"line":91,"column":8},"end":{"line":91,"column":37}},"6":{"start":{"line":96,"column":8},"end":{"line":96,"column":77}},"7":{"start":{"line":109,"column":8},"end":{"line":109,"column":96}},"8":{"start":{"line":111,"column":8},"end":{"line":111,"column":35}},"9":{"start":{"line":114,"column":8},"end":{"line":114,"column":62}},"10":{"start":{"line":120,"column":8},"end":{"line":120,"column":98}},"11":{"start":{"line":130,"column":8},"end":{"line":130,"column":57}},"12":{"start":{"line":133,"column":8},"end":{"line":133,"column":4892}},"13":{"start":{"line":140,"column":8},"end":{"line":140,"column":94}},"14":{"start":{"line":145,"column":8},"end":{"line":145,"column":89}},"15":{"start":{"line":148,"column":8},"end":{"line":148,"column":72}},"16":{"start":{"line":153,"column":8},"end":{"line":153,"column":40}},"17":{"start":{"line":160,"column":8},"end":{"line":160,"column":33}},"18":{"start":{"line":170,"column":8},"end":{"line":170,"column":57}},"19":{"start":{"line":172,"column":8},"end":{"line":172,"column":58}},"20":{"start":{"line":177,"column":8},"end":{"line":177,"column":72}},"21":{"start":{"line":179,"column":8},"end":{"line":179,"column":51}},"22":{"start":{"line":184,"column":8},"end":{"line":184,"column":36}},"23":{"start":{"line":185,"column":8},"end":{"line":185,"column":6900}},"24":{"start":{"line":189,"column":8},"end":{"line":189,"column":43}},"25":{"start":{"line":190,"column":8},"end":{"line":190,"column":7049}},"26":{"start":{"line":196,"column":8},"end":{"line":196,"column":37}},"27":{"start":{"line":198,"column":8},"end":{"line":198,"column":37}},"28":{"start":{"line":208,"column":8},"end":{"line":208,"column":36}},"29":{"start":{"line":210,"column":8},"end":{"line":210,"column":40}},"30":{"start":{"line":213,"column":8},"end":{"line":213,"column":7653}},"31":{"start":{"line":215,"column":12},"end":{"line":215,"column":41}},"32":{"start":{"line":216,"column":15},"end":{"line":216,"column":7795}},"33":{"start":{"line":218,"column":12},"end":{"line":218,"column":81}},"34":{"start":{"line":222,"column":8},"end":{"line":222,"column":8037}},"35":{"start":{"line":266,"column":8},"end":{"line":266,"column":15}},"36":{"start":{"line":274,"column":8},"end":{"line":274,"column":132}},"37":{"start":{"line":278,"column":8},"end":{"line":278,"column":22}},"38":{"start":{"line":283,"column":8},"end":{"line":283,"column":46}}},"branchMap":{"1":{"line":71,"type":"if","locations":[{"start":{"line":71,"column":8},"end":{"line":71,"column":8}},{"start":{"line":71,"column":8},"end":{"line":71,"column":8}}]},"2":{"line":77,"type":"if","locations":[{"start":{"line":77,"column":8},"end":{"line":77,"column":8}},{"start":{"line":77,"column":8},"end":{"line":77,"column":8}}]},"3":{"line":88,"type":"if","locations":[{"start":{"line":88,"column":8},"end":{"line":88,"column":8}},{"start":{"line":88,"column":8},"end":{"line":88,"column":8}}]},"4":{"line":96,"type":"if","locations":[{"start":{"line":96,"column":8},"end":{"line":96,"column":8}},{"start":{"line":96,"column":8},"end":{"line":96,"column":8}}]},"5":{"line":109,"type":"if","locations":[{"start":{"line":109,"column":8},"end":{"line":109,"column":8}},{"start":{"line":109,"column":8},"end":{"line":109,"column":8}}]},"6":{"line":114,"type":"if","locations":[{"start":{"line":114,"column":8},"end":{"line":114,"column":8}},{"start":{"line":114,"column":8},"end":{"line":114,"column":8}}]},"7":{"line":130,"type":"if","locations":[{"start":{"line":130,"column":8},"end":{"line":130,"column":8}},{"start":{"line":130,"column":8},"end":{"line":130,"column":8}}]},"8":{"line":133,"type":"if","locations":[{"start":{"line":133,"column":8},"end":{"line":133,"column":8}},{"start":{"line":133,"column":8},"end":{"line":133,"column":8}}]},"9":{"line":140,"type":"if","locations":[{"start":{"line":140,"column":8},"end":{"line":140,"column":8}},{"start":{"line":140,"column":8},"end":{"line":140,"column":8}}]},"10":{"line":145,"type":"if","locations":[{"start":{"line":145,"column":8},"end":{"line":145,"column":8}},{"start":{"line":145,"column":8},"end":{"line":145,"column":8}}]},"11":{"line":148,"type":"if","locations":[{"start":{"line":148,"column":8},"end":{"line":148,"column":8}},{"start":{"line":148,"column":8},"end":{"line":148,"column":8}}]},"12":{"line":153,"type":"if","locations":[{"start":{"line":153,"column":8},"end":{"line":153,"column":8}},{"start":{"line":153,"column":8},"end":{"line":153,"column":8}}]},"13":{"line":170,"type":"if","locations":[{"start":{"line":170,"column":8},"end":{"line":170,"column":8}},{"start":{"line":170,"column":8},"end":{"line":170,"column":8}}]},"14":{"line":172,"type":"if","locations":[{"start":{"line":172,"column":8},"end":{"line":172,"column":8}},{"start":{"line":172,"column":8},"end":{"line":172,"column":8}}]},"15":{"line":177,"type":"if","locations":[{"start":{"line":177,"column":8},"end":{"line":177,"column":8}},{"start":{"line":177,"column":8},"end":{"line":177,"column":8}}]},"16":{"line":185,"type":"if","locations":[{"start":{"line":185,"column":8},"end":{"line":185,"column":8}},{"start":{"line":185,"column":8},"end":{"line":185,"column":8}}]},"17":{"line":190,"type":"if","locations":[{"start":{"line":190,"column":8},"end":{"line":190,"column":8}},{"start":{"line":190,"column":8},"end":{"line":190,"column":8}}]},"18":{"line":196,"type":"if","locations":[{"start":{"line":196,"column":8},"end":{"line":196,"column":8}},{"start":{"line":196,"column":8},"end":{"line":196,"column":8}}]},"19":{"line":208,"type":"if","locations":[{"start":{"line":208,"column":8},"end":{"line":208,"column":8}},{"start":{"line":208,"column":8},"end":{"line":208,"column":8}}]},"20":{"line":213,"type":"if","locations":[{"start":{"line":213,"column":8},"end":{"line":213,"column":8}},{"start":{"line":213,"column":8},"end":{"line":213,"column":8}}]},"21":{"line":216,"type":"if","locations":[{"start":{"line":216,"column":15},"end":{"line":216,"column":15}},{"start":{"line":216,"column":15},"end":{"line":216,"column":15}}]},"22":{"line":222,"type":"if","locations":[{"start":{"line":222,"column":8},"end":{"line":222,"column":8}},{"start":{"line":222,"column":8},"end":{"line":222,"column":8}}]},"23":{"line":283,"type":"if","locations":[{"start":{"line":283,"column":8},"end":{"line":283,"column":8}},{"start":{"line":283,"column":8},"end":{"line":283,"column":8}}]}}},"contracts/EthealDeposit.sol":{"l":{"45":239,"46":238,"47":238,"52":1,"57":1,"62":2,"64":1,"73":56,"74":55,"78":55,"79":54,"83":11,"84":7,"89":5,"96":43,"97":42,"98":41,"100":40,"103":40,"107":13,"110":40,"115":5,"120":2,"122":2,"124":4,"127":3,"134":4,"135":4,"136":4,"138":4,"139":7,"141":7,"142":4,"149":3,"154":1,"155":2,"161":1,"162":2,"173":40,"176":40,"184":40,"186":40,"187":40,"188":40,"190":40,"196":25,"199":24,"200":1,"204":23,"207":23,"208":1,"210":22,"212":22,"213":22,"215":22,"220":23,"221":23,"222":23,"223":23,"236":7,"239":7,"240":1,"244":6,"245":6,"247":6,"248":6,"250":6,"260":4,"261":4,"262":4,"265":4,"266":8,"267":4,"268":4,"272":4,"273":4,"274":4,"277":4},"path":"/Users/tikonoff/projects/etheal-contracts/contracts/EthealDeposit.sol","s":{"1":239,"2":238,"3":238,"4":1,"5":1,"6":2,"7":56,"8":55,"9":11,"10":5,"11":43,"12":42,"13":41,"14":40,"15":40,"16":13,"17":40,"18":5,"19":2,"20":2,"21":4,"22":3,"23":4,"24":4,"25":4,"26":4,"27":7,"28":7,"29":4,"30":3,"31":1,"32":2,"33":1,"34":2,"35":40,"36":40,"37":40,"38":40,"39":40,"40":40,"41":25,"42":24,"43":1,"44":23,"45":23,"46":1,"47":22,"48":22,"49":22,"50":22,"51":23,"52":23,"53":23,"54":7,"55":7,"56":1,"57":6,"58":6,"59":6,"60":6,"61":4,"62":4,"63":4,"64":4,"65":8,"66":4,"67":4,"68":4,"69":4,"70":4},"b":{"1":[238,1],"2":[1,1],"3":[55,1],"4":[54,1],"5":[7,4],"6":[42,1],"7":[41,1],"8":[40,1],"9":[13,27],"10":[2,3],"11":[3,1],"12":[4,3],"13":[2,1],"14":[24,1],"15":[1,23],"16":[1,22],"17":[7,0],"18":[1,6],"19":[4,4]},"f":{"1":239,"2":1,"3":1,"4":2,"5":56,"6":55,"7":11,"8":5,"9":43,"10":5,"11":2,"12":4,"13":3,"14":1,"15":1,"16":40,"17":25,"18":23,"19":7,"20":4},"fnMap":{"1":{"name":"EthealDeposit","line":44,"loc":{"start":{"line":44,"column":4},"end":{"line":44,"column":59}}},"2":{"name":"setSale","line":51,"loc":{"start":{"line":51,"column":4},"end":{"line":51,"column":50}}},"3":{"name":"setWhitelist","line":56,"loc":{"start":{"line":56,"column":4},"end":{"line":56,"column":60}}},"4":{"name":"extractTokens","line":61,"loc":{"start":{"line":61,"column":4},"end":{"line":61,"column":85}}},"5":{"name":"whitelistSet","line":72,"loc":{"start":{"line":72,"column":4},"end":{"line":72,"column":25}}},"6":{"name":"saleNotEnded","line":77,"loc":{"start":{"line":77,"column":4},"end":{"line":77,"column":25}}},"7":{"name":"saleEnded","line":82,"loc":{"start":{"line":82,"column":4},"end":{"line":82,"column":22}}},"8":{"name":null,"line":88,"loc":{"start":{"line":88,"column":4},"end":{"line":88,"column":27}}},"9":{"name":"deposit","line":95,"loc":{"start":{"line":95,"column":4},"end":{"line":95,"column":118}}},"10":{"name":"forwardTransaction","line":114,"loc":{"start":{"line":114,"column":4},"end":{"line":114,"column":97}}},"11":{"name":"forwardManyTransaction","line":119,"loc":{"start":{"line":119,"column":4},"end":{"line":119,"column":82}}},"12":{"name":"forwardInvestorTransaction","line":133,"loc":{"start":{"line":133,"column":4},"end":{"line":133,"column":111}}},"13":{"name":"refundTransaction","line":148,"loc":{"start":{"line":148,"column":4},"end":{"line":148,"column":58}}},"14":{"name":"refundManyTransaction","line":153,"loc":{"start":{"line":153,"column":4},"end":{"line":153,"column":65}}},"15":{"name":"refundInvestor","line":160,"loc":{"start":{"line":160,"column":4},"end":{"line":160,"column":61}}},"16":{"name":"addTransaction","line":172,"loc":{"start":{"line":172,"column":4},"end":{"line":172,"column":88}}},"17":{"name":"forwardTransactionInternal","line":195,"loc":{"start":{"line":195,"column":4},"end":{"line":195,"column":103}}},"18":{"name":"bytesToArgument","line":219,"loc":{"start":{"line":219,"column":4},"end":{"line":219,"column":104}}},"19":{"name":"refundTransactionInternal","line":235,"loc":{"start":{"line":235,"column":4},"end":{"line":235,"column":73}}},"20":{"name":"getTransactionIds","line":259,"loc":{"start":{"line":259,"column":4},"end":{"line":259,"column":125}}}},"statementMap":{"1":{"start":{"line":45,"column":8},"end":{"line":45,"column":35}},"2":{"start":{"line":46,"column":8},"end":{"line":46,"column":32}},"3":{"start":{"line":47,"column":8},"end":{"line":47,"column":46}},"4":{"start":{"line":52,"column":8},"end":{"line":52,"column":32}},"5":{"start":{"line":57,"column":8},"end":{"line":57,"column":46}},"6":{"start":{"line":62,"column":8},"end":{"line":62,"column":33}},"7":{"start":{"line":73,"column":8},"end":{"line":73,"column":48}},"8":{"start":{"line":78,"column":8},"end":{"line":78,"column":63}},"9":{"start":{"line":83,"column":8},"end":{"line":83,"column":62}},"10":{"start":{"line":89,"column":8},"end":{"line":89,"column":30}},"11":{"start":{"line":96,"column":8},"end":{"line":96,"column":39}},"12":{"start":{"line":97,"column":8},"end":{"line":97,"column":29}},"13":{"start":{"line":98,"column":8},"end":{"line":98,"column":51}},"14":{"start":{"line":100,"column":8},"end":{"line":100,"column":67}},"15":{"start":{"line":103,"column":8},"end":{"line":103,"column":3402}},"16":{"start":{"line":107,"column":12},"end":{"line":107,"column":68}},"17":{"start":{"line":110,"column":8},"end":{"line":110,"column":28}},"18":{"start":{"line":115,"column":8},"end":{"line":115,"column":63}},"19":{"start":{"line":120,"column":8},"end":{"line":120,"column":53}},"20":{"start":{"line":122,"column":8},"end":{"line":122,"column":4164}},"21":{"start":{"line":124,"column":12},"end":{"line":124,"column":4323}},"22":{"start":{"line":127,"column":16},"end":{"line":127,"column":53}},"23":{"start":{"line":134,"column":8},"end":{"line":134,"column":123}},"24":{"start":{"line":135,"column":8},"end":{"line":135,"column":47}},"25":{"start":{"line":136,"column":8},"end":{"line":136,"column":53}},"26":{"start":{"line":138,"column":8},"end":{"line":138,"column":5015}},"27":{"start":{"line":139,"column":12},"end":{"line":139,"column":90}},"28":{"start":{"line":141,"column":12},"end":{"line":141,"column":5293}},"29":{"start":{"line":142,"column":16},"end":{"line":142,"column":92}},"30":{"start":{"line":149,"column":8},"end":{"line":149,"column":46}},"31":{"start":{"line":154,"column":8},"end":{"line":154,"column":5745}},"32":{"start":{"line":155,"column":12},"end":{"line":155,"column":45}},"33":{"start":{"line":161,"column":8},"end":{"line":161,"column":5962}},"34":{"start":{"line":162,"column":12},"end":{"line":162,"column":71}},"35":{"start":{"line":173,"column":8},"end":{"line":173,"column":47}},"36":{"start":{"line":176,"column":8},"end":{"line":176,"column":6421}},"37":{"start":{"line":186,"column":8},"end":{"line":186,"column":49}},"38":{"start":{"line":187,"column":8},"end":{"line":187,"column":41}},"39":{"start":{"line":188,"column":8},"end":{"line":188,"column":35}},"40":{"start":{"line":190,"column":8},"end":{"line":190,"column":28}},"41":{"start":{"line":196,"column":8},"end":{"line":196,"column":38}},"42":{"start":{"line":199,"column":8},"end":{"line":199,"column":7255}},"43":{"start":{"line":200,"column":12},"end":{"line":200,"column":24}},"44":{"start":{"line":204,"column":8},"end":{"line":204,"column":72}},"45":{"start":{"line":207,"column":8},"end":{"line":207,"column":7553}},"46":{"start":{"line":208,"column":12},"end":{"line":208,"column":24}},"47":{"start":{"line":210,"column":8},"end":{"line":210,"column":39}},"48":{"start":{"line":212,"column":8},"end":{"line":212,"column":41}},"49":{"start":{"line":213,"column":8},"end":{"line":213,"column":78}},"50":{"start":{"line":215,"column":8},"end":{"line":215,"column":19}},"51":{"start":{"line":220,"column":8},"end":{"line":220,"column":40}},"52":{"start":{"line":221,"column":8},"end":{"line":221,"column":47}},"53":{"start":{"line":222,"column":8},"end":{"line":222,"column":51}},"54":{"start":{"line":236,"column":8},"end":{"line":236,"column":38}},"55":{"start":{"line":239,"column":8},"end":{"line":239,"column":9149}},"56":{"start":{"line":240,"column":12},"end":{"line":240,"column":24}},"57":{"start":{"line":244,"column":8},"end":{"line":244,"column":39}},"58":{"start":{"line":247,"column":8},"end":{"line":247,"column":41}},"59":{"start":{"line":248,"column":8},"end":{"line":248,"column":77}},"60":{"start":{"line":250,"column":8},"end":{"line":250,"column":19}},"61":{"start":{"line":260,"column":8},"end":{"line":260,"column":20}},"62":{"start":{"line":261,"column":8},"end":{"line":261,"column":26}},"63":{"start":{"line":262,"column":8},"end":{"line":262,"column":62}},"64":{"start":{"line":265,"column":8},"end":{"line":265,"column":9941}},"65":{"start":{"line":266,"column":12},"end":{"line":266,"column":9998}},"66":{"start":{"line":267,"column":16},"end":{"line":267,"column":32}},"67":{"start":{"line":272,"column":8},"end":{"line":272,"column":35}},"68":{"start":{"line":273,"column":8},"end":{"line":273,"column":10213}},"69":{"start":{"line":274,"column":12},"end":{"line":274,"column":27}},"70":{"start":{"line":277,"column":8},"end":{"line":277,"column":18}}},"branchMap":{"1":{"line":45,"type":"if","locations":[{"start":{"line":45,"column":8},"end":{"line":45,"column":8}},{"start":{"line":45,"column":8},"end":{"line":45,"column":8}}]},"2":{"line":62,"type":"if","locations":[{"start":{"line":62,"column":8},"end":{"line":62,"column":8}},{"start":{"line":62,"column":8},"end":{"line":62,"column":8}}]},"3":{"line":73,"type":"if","locations":[{"start":{"line":73,"column":8},"end":{"line":73,"column":8}},{"start":{"line":73,"column":8},"end":{"line":73,"column":8}}]},"4":{"line":78,"type":"if","locations":[{"start":{"line":78,"column":8},"end":{"line":78,"column":8}},{"start":{"line":78,"column":8},"end":{"line":78,"column":8}}]},"5":{"line":83,"type":"if","locations":[{"start":{"line":83,"column":8},"end":{"line":83,"column":8}},{"start":{"line":83,"column":8},"end":{"line":83,"column":8}}]},"6":{"line":96,"type":"if","locations":[{"start":{"line":96,"column":8},"end":{"line":96,"column":8}},{"start":{"line":96,"column":8},"end":{"line":96,"column":8}}]},"7":{"line":97,"type":"if","locations":[{"start":{"line":97,"column":8},"end":{"line":97,"column":8}},{"start":{"line":97,"column":8},"end":{"line":97,"column":8}}]},"8":{"line":98,"type":"if","locations":[{"start":{"line":98,"column":8},"end":{"line":98,"column":8}},{"start":{"line":98,"column":8},"end":{"line":98,"column":8}}]},"9":{"line":103,"type":"if","locations":[{"start":{"line":103,"column":8},"end":{"line":103,"column":8}},{"start":{"line":103,"column":8},"end":{"line":103,"column":8}}]},"10":{"line":115,"type":"if","locations":[{"start":{"line":115,"column":8},"end":{"line":115,"column":8}},{"start":{"line":115,"column":8},"end":{"line":115,"column":8}}]},"11":{"line":124,"type":"if","locations":[{"start":{"line":124,"column":12},"end":{"line":124,"column":12}},{"start":{"line":124,"column":12},"end":{"line":124,"column":12}}]},"12":{"line":141,"type":"if","locations":[{"start":{"line":141,"column":12},"end":{"line":141,"column":12}},{"start":{"line":141,"column":12},"end":{"line":141,"column":12}}]},"13":{"line":149,"type":"if","locations":[{"start":{"line":149,"column":8},"end":{"line":149,"column":8}},{"start":{"line":149,"column":8},"end":{"line":149,"column":8}}]},"14":{"line":196,"type":"if","locations":[{"start":{"line":196,"column":8},"end":{"line":196,"column":8}},{"start":{"line":196,"column":8},"end":{"line":196,"column":8}}]},"15":{"line":199,"type":"if","locations":[{"start":{"line":199,"column":8},"end":{"line":199,"column":8}},{"start":{"line":199,"column":8},"end":{"line":199,"column":8}}]},"16":{"line":207,"type":"if","locations":[{"start":{"line":207,"column":8},"end":{"line":207,"column":8}},{"start":{"line":207,"column":8},"end":{"line":207,"column":8}}]},"17":{"line":236,"type":"if","locations":[{"start":{"line":236,"column":8},"end":{"line":236,"column":8}},{"start":{"line":236,"column":8},"end":{"line":236,"column":8}}]},"18":{"line":239,"type":"if","locations":[{"start":{"line":239,"column":8},"end":{"line":239,"column":8}},{"start":{"line":239,"column":8},"end":{"line":239,"column":8}}]},"19":{"line":266,"type":"if","locations":[{"start":{"line":266,"column":12},"end":{"line":266,"column":12}},{"start":{"line":266,"column":12},"end":{"line":266,"column":12}}]}}},"contracts/EthealNormalSale.sol":{"l":{"91":239,"92":238,"95":238,"96":237,"97":237,"100":237,"101":237,"103":237,"112":1,"117":3,"118":1,"119":1,"120":1,"125":3,"126":2,"127":1,"128":1,"133":2,"134":1,"139":239,"140":238,"146":239,"147":238,"149":239,"154":238,"164":60,"169":0,"174":83,"176":82,"177":75,"180":75,"181":75,"182":1,"189":84,"191":83,"192":83,"195":83,"198":76,"199":18,"200":18,"204":76,"205":4,"208":76,"216":83,"217":83,"220":77,"223":77,"224":77,"230":76,"231":76,"232":76,"234":76,"235":72,"237":76,"239":76,"244":24,"246":23,"251":2,"258":83,"259":83,"260":83,"261":83,"267":263,"272":20,"275":20,"278":20,"279":20,"283":20,"285":20,"295":55,"296":52,"301":6,"308":31,"309":31,"312":29,"315":29,"318":29,"321":29,"322":29,"329":15,"330":25,"344":12,"345":11,"347":10,"349":10,"350":8,"356":7,"357":6,"362":1,"363":2,"369":1,"375":138,"378":138,"379":138,"380":138,"381":102,"402":138,"406":138,"408":138,"418":1,"425":85,"427":84,"428":3,"431":81,"433":81,"441":139,"442":139,"443":67,"445":139,"451":1,"458":139,"459":139,"460":67,"462":139,"468":1,"473":101,"484":2,"494":4,"495":4,"496":4,"499":4,"500":8,"501":4,"502":4,"506":4,"507":4,"508":4,"511":4,"516":20},"path":"/Users/tikonoff/projects/etheal-contracts/contracts/EthealNormalSale.sol","s":{"1":239,"2":238,"3":238,"4":237,"5":237,"6":237,"7":237,"8":237,"9":1,"10":3,"11":1,"12":1,"13":1,"14":3,"15":2,"16":1,"17":1,"18":2,"19":1,"20":239,"21":238,"22":239,"23":238,"24":239,"25":238,"26":60,"27":0,"28":83,"29":82,"30":75,"31":75,"32":75,"33":84,"34":83,"35":83,"36":83,"37":76,"38":18,"39":18,"40":76,"41":4,"42":76,"43":83,"44":83,"45":77,"46":77,"47":77,"48":76,"49":76,"50":76,"51":76,"52":76,"53":76,"54":24,"55":23,"56":2,"57":83,"58":83,"59":83,"60":83,"61":263,"62":20,"63":20,"64":20,"65":55,"66":6,"67":31,"68":31,"69":29,"70":29,"71":29,"72":29,"73":15,"74":25,"75":12,"76":11,"77":10,"78":10,"79":8,"80":7,"81":6,"82":1,"83":2,"84":1,"85":138,"86":138,"87":138,"88":138,"89":102,"90":79,"91":23,"92":4,"93":19,"94":3,"95":16,"96":36,"97":1,"98":35,"99":2,"100":33,"101":2,"102":31,"103":2,"104":29,"105":2,"106":27,"107":2,"108":25,"109":2,"110":23,"111":2,"112":21,"113":2,"114":19,"115":2,"116":17,"117":2,"118":15,"119":2,"120":13,"121":2,"122":11,"123":2,"124":138,"125":1,"126":137,"127":4,"128":138,"129":138,"130":1,"131":85,"132":84,"133":3,"134":81,"135":81,"136":139,"137":139,"138":67,"139":139,"140":1,"141":139,"142":139,"143":67,"144":139,"145":1,"146":101,"147":2,"148":4,"149":4,"150":4,"151":4,"152":8,"153":4,"154":4,"155":4,"156":4,"157":4,"158":20},"b":{"1":[238,1],"2":[237,1],"3":[1,2],"4":[2,1],"5":[1,1],"6":[1,1],"7":[238,1],"8":[238,1],"9":[82,1],"10":[1,74],"11":[83,1],"12":[18,58],"13":[4,72],"14":[83,0],"15":[77,6],"16":[76,1],"17":[72,4],"18":[23,1],"19":[20,0],"20":[52,3],"21":[29,2],"22":[29,0],"23":[11,1],"24":[10,1],"25":[1,9],"26":[8,2],"27":[6,1],"28":[102,36],"29":[79,23],"30":[4,19],"31":[3,16],"32":[1,35],"33":[2,33],"34":[2,31],"35":[2,29],"36":[2,27],"37":[2,25],"38":[2,23],"39":[2,21],"40":[2,19],"41":[2,17],"42":[2,15],"43":[2,13],"44":[2,11],"45":[2,9],"46":[1,137],"47":[4,133],"48":[84,1],"49":[3,81],"50":[67,72],"51":[67,72],"52":[4,4]},"f":{"1":239,"2":1,"3":3,"4":3,"5":2,"6":239,"7":239,"8":238,"9":60,"10":0,"11":83,"12":84,"13":83,"14":24,"15":2,"16":83,"17":263,"18":20,"19":55,"20":6,"21":31,"22":15,"23":12,"24":7,"25":1,"26":1,"27":138,"28":1,"29":85,"30":139,"31":1,"32":139,"33":1,"34":101,"35":2,"36":4,"37":20},"fnMap":{"1":{"name":"EthealNormalSale","line":75,"loc":{"start":{"line":75,"column":4},"end":{"line":89,"column":5}}},"2":{"name":"setMinContribution","line":111,"loc":{"start":{"line":111,"column":4},"end":{"line":111,"column":72}}},"3":{"name":"setCaps","line":116,"loc":{"start":{"line":116,"column":4},"end":{"line":116,"column":89}}},"4":{"name":"setTimes","line":124,"loc":{"start":{"line":124,"column":4},"end":{"line":124,"column":74}}},"5":{"name":"setRate","line":132,"loc":{"start":{"line":132,"column":4},"end":{"line":132,"column":50}}},"6":{"name":"setPromoTokenController","line":138,"loc":{"start":{"line":138,"column":4},"end":{"line":138,"column":66}}},"7":{"name":"setWhitelist","line":144,"loc":{"start":{"line":144,"column":4},"end":{"line":144,"column":80}}},"8":{"name":"setDeposit","line":153,"loc":{"start":{"line":153,"column":4},"end":{"line":153,"column":56}}},"9":{"name":"buyTokens","line":163,"loc":{"start":{"line":163,"column":4},"end":{"line":163,"column":71}}},"10":{"name":"buyTokens","line":168,"loc":{"start":{"line":168,"column":4},"end":{"line":168,"column":93}}},"11":{"name":"handlePayment","line":173,"loc":{"start":{"line":173,"column":4},"end":{"line":173,"column":116}}},"12":{"name":"handleContribution","line":188,"loc":{"start":{"line":188,"column":4},"end":{"line":188,"column":139}}},"13":{"name":"transferToken","line":215,"loc":{"start":{"line":215,"column":4},"end":{"line":215,"column":119}}},"14":{"name":"depositEth","line":243,"loc":{"start":{"line":243,"column":4},"end":{"line":243,"column":109}}},"15":{"name":"depositOffchain","line":250,"loc":{"start":{"line":250,"column":4},"end":{"line":250,"column":133}}},"16":{"name":"validPurchase","line":257,"loc":{"start":{"line":257,"column":4},"end":{"line":257,"column":77}}},"17":{"name":"hasEnded","line":266,"loc":{"start":{"line":266,"column":4},"end":{"line":266,"column":52}}},"18":{"name":"finalization","line":271,"loc":{"start":{"line":271,"column":4},"end":{"line":271,"column":34}}},"19":{"name":"afterSale","line":294,"loc":{"start":{"line":294,"column":4},"end":{"line":294,"column":22}}},"20":{"name":"claimToken","line":300,"loc":{"start":{"line":300,"column":4},"end":{"line":300,"column":40}}},"21":{"name":"claimTokenFor","line":307,"loc":{"start":{"line":307,"column":4},"end":{"line":307,"column":77}}},"22":{"name":"claimManyTokenFor","line":328,"loc":{"start":{"line":328,"column":4},"end":{"line":328,"column":73}}},"23":{"name":"setPromoBonus","line":343,"loc":{"start":{"line":343,"column":4},"end":{"line":343,"column":62}}},"24":{"name":"setBonusExtra","line":355,"loc":{"start":{"line":355,"column":4},"end":{"line":355,"column":72}}},"25":{"name":"setManyBonusExtra","line":361,"loc":{"start":{"line":361,"column":4},"end":{"line":361,"column":80}}},"26":{"name":"getBonusNow","line":368,"loc":{"start":{"line":368,"column":4},"end":{"line":368,"column":82}}},"27":{"name":"getBonus","line":373,"loc":{"start":{"line":373,"column":4},"end":{"line":373,"column":101}}},"28":{"name":"howMuchCanIContributeNow","line":417,"loc":{"start":{"line":417,"column":4},"end":{"line":417,"column":67}}},"29":{"name":"howMuchCanXContributeNow","line":424,"loc":{"start":{"line":424,"column":4},"end":{"line":424,"column":87}}},"30":{"name":"getSaleDay","line":440,"loc":{"start":{"line":440,"column":4},"end":{"line":440,"column":66}}},"31":{"name":"getSaleDayNow","line":450,"loc":{"start":{"line":450,"column":4},"end":{"line":450,"column":56}}},"32":{"name":"getSaleHour","line":457,"loc":{"start":{"line":457,"column":4},"end":{"line":457,"column":67}}},"33":{"name":"getSaleHourNow","line":467,"loc":{"start":{"line":467,"column":4},"end":{"line":467,"column":57}}},"34":{"name":"uint256Min","line":472,"loc":{"start":{"line":472,"column":4},"end":{"line":472,"column":75}}},"35":{"name":"getContributorsCount","line":483,"loc":{"start":{"line":483,"column":4},"end":{"line":483,"column":63}}},"36":{"name":"getContributors","line":493,"loc":{"start":{"line":493,"column":4},"end":{"line":493,"column":101}}},"37":{"name":"getHealBalance","line":515,"loc":{"start":{"line":515,"column":4},"end":{"line":515,"column":57}}}},"statementMap":{"1":{"start":{"line":91,"column":8},"end":{"line":91,"column":47}},"2":{"start":{"line":92,"column":8},"end":{"line":92,"column":60}},"3":{"start":{"line":95,"column":8},"end":{"line":95,"column":32}},"4":{"start":{"line":96,"column":8},"end":{"line":96,"column":25}},"5":{"start":{"line":97,"column":8},"end":{"line":97,"column":33}},"6":{"start":{"line":100,"column":8},"end":{"line":100,"column":17}},"7":{"start":{"line":101,"column":8},"end":{"line":101,"column":19}},"8":{"start":{"line":103,"column":8},"end":{"line":103,"column":41}},"9":{"start":{"line":112,"column":8},"end":{"line":112,"column":41}},"10":{"start":{"line":117,"column":8},"end":{"line":117,"column":32}},"11":{"start":{"line":118,"column":8},"end":{"line":118,"column":25}},"12":{"start":{"line":119,"column":8},"end":{"line":119,"column":33}},"13":{"start":{"line":120,"column":8},"end":{"line":120,"column":17}},"14":{"start":{"line":125,"column":8},"end":{"line":125,"column":38}},"15":{"start":{"line":126,"column":8},"end":{"line":126,"column":27}},"16":{"start":{"line":127,"column":8},"end":{"line":127,"column":29}},"17":{"start":{"line":128,"column":8},"end":{"line":128,"column":25}},"18":{"start":{"line":133,"column":8},"end":{"line":133,"column":25}},"19":{"start":{"line":134,"column":8},"end":{"line":134,"column":19}},"20":{"start":{"line":139,"column":8},"end":{"line":139,"column":35}},"21":{"start":{"line":140,"column":8},"end":{"line":140,"column":35}},"22":{"start":{"line":146,"column":8},"end":{"line":146,"column":5359}},"23":{"start":{"line":147,"column":12},"end":{"line":147,"column":50}},"24":{"start":{"line":149,"column":8},"end":{"line":149,"column":38}},"25":{"start":{"line":154,"column":8},"end":{"line":154,"column":25}},"26":{"start":{"line":164,"column":8},"end":{"line":164,"column":54}},"27":{"start":{"line":169,"column":8},"end":{"line":169,"column":66}},"28":{"start":{"line":174,"column":8},"end":{"line":174,"column":42}},"29":{"start":{"line":176,"column":8},"end":{"line":176,"column":91}},"30":{"start":{"line":177,"column":8},"end":{"line":177,"column":30}},"31":{"start":{"line":180,"column":8},"end":{"line":180,"column":46}},"32":{"start":{"line":181,"column":8},"end":{"line":181,"column":6739}},"33":{"start":{"line":189,"column":8},"end":{"line":189,"column":42}},"34":{"start":{"line":191,"column":8},"end":{"line":191,"column":64}},"35":{"start":{"line":192,"column":8},"end":{"line":192,"column":56}},"36":{"start":{"line":195,"column":8},"end":{"line":195,"column":68}},"37":{"start":{"line":198,"column":8},"end":{"line":198,"column":7451}},"38":{"start":{"line":199,"column":12},"end":{"line":199,"column":46}},"39":{"start":{"line":200,"column":12},"end":{"line":200,"column":65}},"40":{"start":{"line":204,"column":8},"end":{"line":204,"column":7674}},"41":{"start":{"line":205,"column":12},"end":{"line":205,"column":32}},"42":{"start":{"line":208,"column":8},"end":{"line":208,"column":24}},"43":{"start":{"line":216,"column":8},"end":{"line":216,"column":42}},"44":{"start":{"line":217,"column":8},"end":{"line":217,"column":41}},"45":{"start":{"line":220,"column":8},"end":{"line":220,"column":44}},"46":{"start":{"line":223,"column":8},"end":{"line":223,"column":80}},"47":{"start":{"line":224,"column":8},"end":{"line":224,"column":8464}},"48":{"start":{"line":230,"column":8},"end":{"line":230,"column":65}},"49":{"start":{"line":231,"column":8},"end":{"line":231,"column":65}},"50":{"start":{"line":232,"column":8},"end":{"line":232,"column":46}},"51":{"start":{"line":234,"column":8},"end":{"line":234,"column":8964}},"52":{"start":{"line":237,"column":8},"end":{"line":237,"column":62}},"53":{"start":{"line":239,"column":8},"end":{"line":239,"column":102}},"54":{"start":{"line":244,"column":8},"end":{"line":244,"column":37}},"55":{"start":{"line":246,"column":8},"end":{"line":246,"column":68}},"56":{"start":{"line":251,"column":8},"end":{"line":251,"column":71}},"57":{"start":{"line":258,"column":8},"end":{"line":258,"column":34}},"58":{"start":{"line":259,"column":8},"end":{"line":259,"column":37}},"59":{"start":{"line":260,"column":8},"end":{"line":260,"column":62}},"60":{"start":{"line":261,"column":8},"end":{"line":261,"column":56}},"61":{"start":{"line":267,"column":8},"end":{"line":267,"column":73}},"62":{"start":{"line":272,"column":8},"end":{"line":272,"column":42}},"63":{"start":{"line":275,"column":8},"end":{"line":275,"column":31}},"64":{"start":{"line":278,"column":8},"end":{"line":278,"column":10883}},"65":{"start":{"line":295,"column":8},"end":{"line":295,"column":27}},"66":{"start":{"line":301,"column":8},"end":{"line":301,"column":32}},"67":{"start":{"line":308,"column":8},"end":{"line":308,"column":44}},"68":{"start":{"line":309,"column":8},"end":{"line":309,"column":26}},"69":{"start":{"line":312,"column":8},"end":{"line":312,"column":31}},"70":{"start":{"line":315,"column":8},"end":{"line":315,"column":46}},"71":{"start":{"line":321,"column":8},"end":{"line":321,"column":77}},"72":{"start":{"line":322,"column":8},"end":{"line":322,"column":53}},"73":{"start":{"line":329,"column":8},"end":{"line":329,"column":12739}},"74":{"start":{"line":330,"column":12},"end":{"line":330,"column":43}},"75":{"start":{"line":344,"column":8},"end":{"line":344,"column":73}},"76":{"start":{"line":345,"column":8},"end":{"line":345,"column":24}},"77":{"start":{"line":347,"column":8},"end":{"line":347,"column":119}},"78":{"start":{"line":349,"column":8},"end":{"line":349,"column":13455}},"79":{"start":{"line":350,"column":12},"end":{"line":350,"column":39}},"80":{"start":{"line":356,"column":8},"end":{"line":356,"column":35}},"81":{"start":{"line":357,"column":8},"end":{"line":357,"column":33}},"82":{"start":{"line":362,"column":8},"end":{"line":362,"column":13905}},"83":{"start":{"line":363,"column":12},"end":{"line":363,"column":41}},"84":{"start":{"line":369,"column":8},"end":{"line":369,"column":42}},"85":{"start":{"line":375,"column":8},"end":{"line":375,"column":19}},"86":{"start":{"line":378,"column":8},"end":{"line":378,"column":39}},"87":{"start":{"line":379,"column":8},"end":{"line":379,"column":41}},"88":{"start":{"line":380,"column":8},"end":{"line":380,"column":14625}},"89":{"start":{"line":381,"column":12},"end":{"line":381,"column":14638}},"90":{"start":{"line":381,"column":28},"end":{"line":381,"column":39}},"91":{"start":{"line":382,"column":17},"end":{"line":382,"column":14685}},"92":{"start":{"line":382,"column":33},"end":{"line":382,"column":44}},"93":{"start":{"line":383,"column":17},"end":{"line":383,"column":14732}},"94":{"start":{"line":383,"column":33},"end":{"line":383,"column":44}},"95":{"start":{"line":384,"column":17},"end":{"line":384,"column":28}},"96":{"start":{"line":386,"column":13},"end":{"line":386,"column":14833}},"97":{"start":{"line":386,"column":30},"end":{"line":386,"column":41}},"98":{"start":{"line":387,"column":13},"end":{"line":387,"column":14879}},"99":{"start":{"line":387,"column":30},"end":{"line":387,"column":41}},"100":{"start":{"line":388,"column":13},"end":{"line":388,"column":14925}},"101":{"start":{"line":388,"column":30},"end":{"line":388,"column":41}},"102":{"start":{"line":389,"column":13},"end":{"line":389,"column":14971}},"103":{"start":{"line":389,"column":30},"end":{"line":389,"column":41}},"104":{"start":{"line":390,"column":13},"end":{"line":390,"column":15017}},"105":{"start":{"line":390,"column":30},"end":{"line":390,"column":41}},"106":{"start":{"line":391,"column":13},"end":{"line":391,"column":15063}},"107":{"start":{"line":391,"column":31},"end":{"line":391,"column":42}},"108":{"start":{"line":392,"column":13},"end":{"line":392,"column":15110}},"109":{"start":{"line":392,"column":31},"end":{"line":392,"column":42}},"110":{"start":{"line":393,"column":13},"end":{"line":393,"column":15157}},"111":{"start":{"line":393,"column":31},"end":{"line":393,"column":42}},"112":{"start":{"line":394,"column":13},"end":{"line":394,"column":15204}},"113":{"start":{"line":394,"column":31},"end":{"line":394,"column":42}},"114":{"start":{"line":395,"column":13},"end":{"line":395,"column":15251}},"115":{"start":{"line":395,"column":31},"end":{"line":395,"column":42}},"116":{"start":{"line":396,"column":13},"end":{"line":396,"column":15298}},"117":{"start":{"line":396,"column":31},"end":{"line":396,"column":42}},"118":{"start":{"line":397,"column":13},"end":{"line":397,"column":15345}},"119":{"start":{"line":397,"column":31},"end":{"line":397,"column":42}},"120":{"start":{"line":398,"column":13},"end":{"line":398,"column":15392}},"121":{"start":{"line":398,"column":31},"end":{"line":398,"column":42}},"122":{"start":{"line":399,"column":13},"end":{"line":399,"column":45}},"123":{"start":{"line":399,"column":31},"end":{"line":399,"column":42}},"124":{"start":{"line":402,"column":8},"end":{"line":402,"column":15526}},"125":{"start":{"line":402,"column":34},"end":{"line":402,"column":52}},"126":{"start":{"line":403,"column":13},"end":{"line":403,"column":59}},"127":{"start":{"line":403,"column":38},"end":{"line":403,"column":56}},"128":{"start":{"line":406,"column":8},"end":{"line":406,"column":36}},"129":{"start":{"line":408,"column":8},"end":{"line":408,"column":21}},"130":{"start":{"line":418,"column":8},"end":{"line":418,"column":51}},"131":{"start":{"line":425,"column":8},"end":{"line":425,"column":42}},"132":{"start":{"line":427,"column":8},"end":{"line":427,"column":16293}},"133":{"start":{"line":428,"column":12},"end":{"line":428,"column":20}},"134":{"start":{"line":431,"column":8},"end":{"line":431,"column":44}},"135":{"start":{"line":433,"column":8},"end":{"line":433,"column":23}},"136":{"start":{"line":441,"column":8},"end":{"line":441,"column":23}},"137":{"start":{"line":442,"column":8},"end":{"line":442,"column":16872}},"138":{"start":{"line":443,"column":12},"end":{"line":443,"column":59}},"139":{"start":{"line":445,"column":8},"end":{"line":445,"column":19}},"140":{"start":{"line":451,"column":8},"end":{"line":451,"column":30}},"141":{"start":{"line":458,"column":8},"end":{"line":458,"column":24}},"142":{"start":{"line":459,"column":8},"end":{"line":459,"column":17621}},"143":{"start":{"line":460,"column":12},"end":{"line":460,"column":57}},"144":{"start":{"line":462,"column":8},"end":{"line":462,"column":20}},"145":{"start":{"line":468,"column":8},"end":{"line":468,"column":31}},"146":{"start":{"line":473,"column":8},"end":{"line":473,"column":28}},"147":{"start":{"line":484,"column":8},"end":{"line":484,"column":38}},"148":{"start":{"line":494,"column":8},"end":{"line":494,"column":20}},"149":{"start":{"line":495,"column":8},"end":{"line":495,"column":26}},"150":{"start":{"line":496,"column":8},"end":{"line":496,"column":78}},"151":{"start":{"line":499,"column":8},"end":{"line":499,"column":19253}},"152":{"start":{"line":500,"column":12},"end":{"line":500,"column":19317}},"153":{"start":{"line":501,"column":16},"end":{"line":501,"column":59}},"154":{"start":{"line":506,"column":8},"end":{"line":506,"column":44}},"155":{"start":{"line":507,"column":8},"end":{"line":507,"column":19581}},"156":{"start":{"line":508,"column":12},"end":{"line":508,"column":45}},"157":{"start":{"line":511,"column":8},"end":{"line":511,"column":27}},"158":{"start":{"line":516,"column":8},"end":{"line":516,"column":70}}},"branchMap":{"1":{"line":91,"type":"if","locations":[{"start":{"line":91,"column":8},"end":{"line":91,"column":8}},{"start":{"line":91,"column":8},"end":{"line":91,"column":8}}]},"2":{"line":95,"type":"if","locations":[{"start":{"line":95,"column":8},"end":{"line":95,"column":8}},{"start":{"line":95,"column":8},"end":{"line":95,"column":8}}]},"3":{"line":117,"type":"if","locations":[{"start":{"line":117,"column":8},"end":{"line":117,"column":8}},{"start":{"line":117,"column":8},"end":{"line":117,"column":8}}]},"4":{"line":125,"type":"if","locations":[{"start":{"line":125,"column":8},"end":{"line":125,"column":8}},{"start":{"line":125,"column":8},"end":{"line":125,"column":8}}]},"5":{"line":126,"type":"if","locations":[{"start":{"line":126,"column":8},"end":{"line":126,"column":8}},{"start":{"line":126,"column":8},"end":{"line":126,"column":8}}]},"6":{"line":133,"type":"if","locations":[{"start":{"line":133,"column":8},"end":{"line":133,"column":8}},{"start":{"line":133,"column":8},"end":{"line":133,"column":8}}]},"7":{"line":139,"type":"if","locations":[{"start":{"line":139,"column":8},"end":{"line":139,"column":8}},{"start":{"line":139,"column":8},"end":{"line":139,"column":8}}]},"8":{"line":146,"type":"if","locations":[{"start":{"line":146,"column":8},"end":{"line":146,"column":8}},{"start":{"line":146,"column":8},"end":{"line":146,"column":8}}]},"9":{"line":174,"type":"if","locations":[{"start":{"line":174,"column":8},"end":{"line":174,"column":8}},{"start":{"line":174,"column":8},"end":{"line":174,"column":8}}]},"10":{"line":181,"type":"if","locations":[{"start":{"line":181,"column":8},"end":{"line":181,"column":8}},{"start":{"line":181,"column":8},"end":{"line":181,"column":8}}]},"11":{"line":189,"type":"if","locations":[{"start":{"line":189,"column":8},"end":{"line":189,"column":8}},{"start":{"line":189,"column":8},"end":{"line":189,"column":8}}]},"12":{"line":198,"type":"if","locations":[{"start":{"line":198,"column":8},"end":{"line":198,"column":8}},{"start":{"line":198,"column":8},"end":{"line":198,"column":8}}]},"13":{"line":204,"type":"if","locations":[{"start":{"line":204,"column":8},"end":{"line":204,"column":8}},{"start":{"line":204,"column":8},"end":{"line":204,"column":8}}]},"14":{"line":216,"type":"if","locations":[{"start":{"line":216,"column":8},"end":{"line":216,"column":8}},{"start":{"line":216,"column":8},"end":{"line":216,"column":8}}]},"15":{"line":217,"type":"if","locations":[{"start":{"line":217,"column":8},"end":{"line":217,"column":8}},{"start":{"line":217,"column":8},"end":{"line":217,"column":8}}]},"16":{"line":224,"type":"if","locations":[{"start":{"line":224,"column":8},"end":{"line":224,"column":8}},{"start":{"line":224,"column":8},"end":{"line":224,"column":8}}]},"17":{"line":234,"type":"if","locations":[{"start":{"line":234,"column":8},"end":{"line":234,"column":8}},{"start":{"line":234,"column":8},"end":{"line":234,"column":8}}]},"18":{"line":244,"type":"if","locations":[{"start":{"line":244,"column":8},"end":{"line":244,"column":8}},{"start":{"line":244,"column":8},"end":{"line":244,"column":8}}]},"19":{"line":278,"type":"if","locations":[{"start":{"line":278,"column":8},"end":{"line":278,"column":8}},{"start":{"line":278,"column":8},"end":{"line":278,"column":8}}]},"20":{"line":295,"type":"if","locations":[{"start":{"line":295,"column":8},"end":{"line":295,"column":8}},{"start":{"line":295,"column":8},"end":{"line":295,"column":8}}]},"21":{"line":309,"type":"if","locations":[{"start":{"line":309,"column":8},"end":{"line":309,"column":8}},{"start":{"line":309,"column":8},"end":{"line":309,"column":8}}]},"22":{"line":321,"type":"if","locations":[{"start":{"line":321,"column":8},"end":{"line":321,"column":8}},{"start":{"line":321,"column":8},"end":{"line":321,"column":8}}]},"23":{"line":344,"type":"if","locations":[{"start":{"line":344,"column":8},"end":{"line":344,"column":8}},{"start":{"line":344,"column":8},"end":{"line":344,"column":8}}]},"24":{"line":345,"type":"if","locations":[{"start":{"line":345,"column":8},"end":{"line":345,"column":8}},{"start":{"line":345,"column":8},"end":{"line":345,"column":8}}]},"25":{"line":347,"type":"cond-expr","locations":[{"start":{"line":347,"column":115},"end":{"line":347,"column":116}},{"start":{"line":347,"column":119},"end":{"line":347,"column":120}}]},"26":{"line":349,"type":"if","locations":[{"start":{"line":349,"column":8},"end":{"line":349,"column":8}},{"start":{"line":349,"column":8},"end":{"line":349,"column":8}}]},"27":{"line":356,"type":"if","locations":[{"start":{"line":356,"column":8},"end":{"line":356,"column":8}},{"start":{"line":356,"column":8},"end":{"line":356,"column":8}}]},"28":{"line":380,"type":"if","locations":[{"start":{"line":380,"column":8},"end":{"line":380,"column":8}},{"start":{"line":380,"column":8},"end":{"line":380,"column":8}}]},"29":{"line":381,"type":"if","locations":[{"start":{"line":381,"column":12},"end":{"line":381,"column":12}},{"start":{"line":381,"column":12},"end":{"line":381,"column":12}}]},"30":{"line":382,"type":"if","locations":[{"start":{"line":382,"column":17},"end":{"line":382,"column":17}},{"start":{"line":382,"column":17},"end":{"line":382,"column":17}}]},"31":{"line":383,"type":"if","locations":[{"start":{"line":383,"column":17},"end":{"line":383,"column":17}},{"start":{"line":383,"column":17},"end":{"line":383,"column":17}}]},"32":{"line":386,"type":"if","locations":[{"start":{"line":386,"column":13},"end":{"line":386,"column":13}},{"start":{"line":386,"column":13},"end":{"line":386,"column":13}}]},"33":{"line":387,"type":"if","locations":[{"start":{"line":387,"column":13},"end":{"line":387,"column":13}},{"start":{"line":387,"column":13},"end":{"line":387,"column":13}}]},"34":{"line":388,"type":"if","locations":[{"start":{"line":388,"column":13},"end":{"line":388,"column":13}},{"start":{"line":388,"column":13},"end":{"line":388,"column":13}}]},"35":{"line":389,"type":"if","locations":[{"start":{"line":389,"column":13},"end":{"line":389,"column":13}},{"start":{"line":389,"column":13},"end":{"line":389,"column":13}}]},"36":{"line":390,"type":"if","locations":[{"start":{"line":390,"column":13},"end":{"line":390,"column":13}},{"start":{"line":390,"column":13},"end":{"line":390,"column":13}}]},"37":{"line":391,"type":"if","locations":[{"start":{"line":391,"column":13},"end":{"line":391,"column":13}},{"start":{"line":391,"column":13},"end":{"line":391,"column":13}}]},"38":{"line":392,"type":"if","locations":[{"start":{"line":392,"column":13},"end":{"line":392,"column":13}},{"start":{"line":392,"column":13},"end":{"line":392,"column":13}}]},"39":{"line":393,"type":"if","locations":[{"start":{"line":393,"column":13},"end":{"line":393,"column":13}},{"start":{"line":393,"column":13},"end":{"line":393,"column":13}}]},"40":{"line":394,"type":"if","locations":[{"start":{"line":394,"column":13},"end":{"line":394,"column":13}},{"start":{"line":394,"column":13},"end":{"line":394,"column":13}}]},"41":{"line":395,"type":"if","locations":[{"start":{"line":395,"column":13},"end":{"line":395,"column":13}},{"start":{"line":395,"column":13},"end":{"line":395,"column":13}}]},"42":{"line":396,"type":"if","locations":[{"start":{"line":396,"column":13},"end":{"line":396,"column":13}},{"start":{"line":396,"column":13},"end":{"line":396,"column":13}}]},"43":{"line":397,"type":"if","locations":[{"start":{"line":397,"column":13},"end":{"line":397,"column":13}},{"start":{"line":397,"column":13},"end":{"line":397,"column":13}}]},"44":{"line":398,"type":"if","locations":[{"start":{"line":398,"column":13},"end":{"line":398,"column":13}},{"start":{"line":398,"column":13},"end":{"line":398,"column":13}}]},"45":{"line":399,"type":"if","locations":[{"start":{"line":399,"column":13},"end":{"line":399,"column":13}},{"start":{"line":399,"column":13},"end":{"line":399,"column":13}}]},"46":{"line":402,"type":"if","locations":[{"start":{"line":402,"column":8},"end":{"line":402,"column":8}},{"start":{"line":402,"column":8},"end":{"line":402,"column":8}}]},"47":{"line":403,"type":"if","locations":[{"start":{"line":403,"column":13},"end":{"line":403,"column":13}},{"start":{"line":403,"column":13},"end":{"line":403,"column":13}}]},"48":{"line":425,"type":"if","locations":[{"start":{"line":425,"column":8},"end":{"line":425,"column":8}},{"start":{"line":425,"column":8},"end":{"line":425,"column":8}}]},"49":{"line":427,"type":"if","locations":[{"start":{"line":427,"column":8},"end":{"line":427,"column":8}},{"start":{"line":427,"column":8},"end":{"line":427,"column":8}}]},"50":{"line":442,"type":"if","locations":[{"start":{"line":442,"column":8},"end":{"line":442,"column":8}},{"start":{"line":442,"column":8},"end":{"line":442,"column":8}}]},"51":{"line":459,"type":"if","locations":[{"start":{"line":459,"column":8},"end":{"line":459,"column":8}},{"start":{"line":459,"column":8},"end":{"line":459,"column":8}}]},"52":{"line":500,"type":"if","locations":[{"start":{"line":500,"column":12},"end":{"line":500,"column":12}},{"start":{"line":500,"column":12},"end":{"line":500,"column":12}}]}}},"contracts/EthealPreSale.sol":{"l":{"112":0,"113":0,"116":0,"119":0,"120":0,"123":0,"124":0,"125":0,"127":0,"128":0,"130":0,"136":0,"138":0,"139":0,"142":0,"143":0,"146":0,"149":0,"150":0,"151":0,"155":0,"156":0,"157":0,"165":0,"167":0,"169":0,"170":0,"174":0,"175":0,"177":0,"178":0,"180":0,"182":0,"189":0,"195":0,"201":0,"206":0,"209":0,"211":0,"214":0,"215":0,"219":0,"220":0,"223":0,"233":0,"234":0,"246":0,"247":0,"250":0,"252":0,"254":0,"255":0,"256":0,"257":0,"258":0,"264":0,"265":0,"267":0,"268":0,"269":0,"274":0,"275":0,"277":0,"278":0,"279":0,"286":0,"287":0,"292":0,"297":0,"298":0,"299":0,"300":0,"305":0,"306":0,"311":0,"322":0,"323":0,"332":0,"333":0,"338":0,"339":0,"346":0,"347":0,"353":0,"354":0,"359":0,"366":0,"367":0,"370":0,"373":0,"376":0,"379":0,"382":0,"383":0,"390":0,"391":0,"396":0,"398":0,"408":0,"418":0,"420":0,"421":0,"424":0,"427":0,"428":0,"431":0,"432":0,"435":0,"438":0,"439":0,"441":0,"444":0,"454":0,"460":0,"465":0,"470":0,"481":0,"487":0,"497":0,"498":0,"499":0,"502":0,"503":0,"504":0,"505":0,"506":0,"511":0,"512":0,"513":0,"514":0,"519":0,"520":0,"521":0,"524":0,"529":0},"path":"/Users/tikonoff/projects/etheal-contracts/contracts/EthealPreSale.sol","s":{"1":0,"2":0,"3":0,"4":0,"5":0,"6":0,"7":0,"8":0,"9":0,"10":0,"11":0,"12":0,"13":0,"14":0,"15":0,"16":0,"17":0,"18":0,"19":0,"20":0,"21":0,"22":0,"23":0,"24":0,"25":0,"26":0,"27":0,"28":0,"29":0,"30":0,"31":0,"32":0,"33":0,"34":0,"35":0,"36":0,"37":0,"38":0,"39":0,"40":0,"41":0,"42":0,"43":0,"44":0,"45":0,"46":0,"47":0,"48":0,"49":0,"50":0,"51":0,"52":0,"53":0,"54":0,"55":0,"56":0,"57":0,"58":0,"59":0,"60":0,"61":0,"62":0,"63":0,"64":0,"65":0,"66":0,"67":0,"68":0,"69":0,"70":0,"71":0,"72":0,"73":0,"74":0,"75":0,"76":0,"77":0,"78":0,"79":0,"80":0,"81":0,"82":0,"83":0,"84":0,"85":0,"86":0,"87":0,"88":0,"89":0,"90":0,"91":0,"92":0,"93":0,"94":0,"95":0,"96":0,"97":0,"98":0,"99":0,"100":0,"101":0,"102":0,"103":0,"104":0,"105":0,"106":0,"107":0,"108":0,"109":0,"110":0,"111":0,"112":0,"113":0,"114":0,"115":0,"116":0,"117":0,"118":0,"119":0,"120":0,"121":0,"122":0},"b":{"1":[0,0],"2":[0,0],"3":[0,0],"4":[0,0],"5":[0,0],"6":[0,0],"7":[0,0],"8":[0,0],"9":[0,0],"10":[0,0],"11":[0,0],"12":[0,0],"13":[0,0],"14":[0,0],"15":[0,0],"16":[0,0],"17":[0,0],"18":[0,0],"19":[0,0],"20":[0,0],"21":[0,0],"22":[0,0],"23":[0,0],"24":[0,0],"25":[0,0],"26":[0,0],"27":[0,0],"28":[0,0],"29":[0,0],"30":[0,0],"31":[0,0],"32":[0,0],"33":[0,0],"34":[0,0]},"f":{"1":0,"2":0,"3":0,"4":0,"5":0,"6":0,"7":0,"8":0,"9":0,"10":0,"11":0,"12":0,"13":0,"14":0,"15":0,"16":0,"17":0,"18":0,"19":0,"20":0,"21":0,"22":0,"23":0,"24":0,"25":0,"26":0,"27":0,"28":0,"29":0,"30":0,"31":0,"32":0,"33":0},"fnMap":{"1":{"name":"EthealPreSale","line":92,"loc":{"start":{"line":92,"column":4},"end":{"line":110,"column":5}}},"2":{"name":"buyTokens","line":135,"loc":{"start":{"line":135,"column":4},"end":{"line":135,"column":71}}},"3":{"name":"transferToken","line":164,"loc":{"start":{"line":164,"column":4},"end":{"line":164,"column":75}}},"4":{"name":"validPurchase","line":188,"loc":{"start":{"line":188,"column":4},"end":{"line":188,"column":77}}},"5":{"name":"hasEnded","line":194,"loc":{"start":{"line":194,"column":4},"end":{"line":194,"column":52}}},"6":{"name":"claimRefund","line":200,"loc":{"start":{"line":200,"column":4},"end":{"line":200,"column":31}}},"7":{"name":"finalization","line":205,"loc":{"start":{"line":205,"column":4},"end":{"line":205,"column":34}}},"8":{"name":"beforeSale","line":232,"loc":{"start":{"line":232,"column":4},"end":{"line":232,"column":23}}},"9":{"name":"setWhitelist","line":245,"loc":{"start":{"line":245,"column":4},"end":{"line":245,"column":114}}},"10":{"name":"setMaxGas","line":285,"loc":{"start":{"line":285,"column":4},"end":{"line":285,"column":83}}},"11":{"name":"setMinContribution","line":291,"loc":{"start":{"line":291,"column":4},"end":{"line":291,"column":83}}},"12":{"name":"setCaps","line":296,"loc":{"start":{"line":296,"column":4},"end":{"line":296,"column":115}}},"13":{"name":"setTimes","line":304,"loc":{"start":{"line":304,"column":4},"end":{"line":304,"column":85}}},"14":{"name":"setRate","line":310,"loc":{"start":{"line":310,"column":4},"end":{"line":310,"column":61}}},"15":{"name":"afterSaleFail","line":321,"loc":{"start":{"line":321,"column":4},"end":{"line":321,"column":26}}},"16":{"name":"afterSaleSuccess","line":331,"loc":{"start":{"line":331,"column":4},"end":{"line":331,"column":29}}},"17":{"name":"afterSale","line":337,"loc":{"start":{"line":337,"column":4},"end":{"line":337,"column":22}}},"18":{"name":"claimRefundFor","line":345,"loc":{"start":{"line":345,"column":4},"end":{"line":345,"column":82}}},"19":{"name":"claimRefundsFor","line":352,"loc":{"start":{"line":352,"column":4},"end":{"line":352,"column":75}}},"20":{"name":"claimToken","line":358,"loc":{"start":{"line":358,"column":4},"end":{"line":358,"column":47}}},"21":{"name":"claimTokenFor","line":365,"loc":{"start":{"line":365,"column":4},"end":{"line":365,"column":84}}},"22":{"name":"claimTokensFor","line":389,"loc":{"start":{"line":389,"column":4},"end":{"line":389,"column":77}}},"23":{"name":"extractVaultTokens","line":395,"loc":{"start":{"line":395,"column":4},"end":{"line":395,"column":90}}},"24":{"name":"howMuchCanIContributeNow","line":407,"loc":{"start":{"line":407,"column":4},"end":{"line":407,"column":67}}},"25":{"name":"howMuchCanXContributeNow","line":417,"loc":{"start":{"line":417,"column":4},"end":{"line":417,"column":87}}},"26":{"name":"getSaleDay","line":453,"loc":{"start":{"line":453,"column":4},"end":{"line":453,"column":64}}},"27":{"name":"getSaleDayNow","line":459,"loc":{"start":{"line":459,"column":4},"end":{"line":459,"column":54}}},"28":{"name":"uint8Min","line":464,"loc":{"start":{"line":464,"column":4},"end":{"line":464,"column":67}}},"29":{"name":"uint256Min","line":469,"loc":{"start":{"line":469,"column":4},"end":{"line":469,"column":75}}},"30":{"name":"wasSuccess","line":480,"loc":{"start":{"line":480,"column":4},"end":{"line":480,"column":50}}},"31":{"name":"getContributorsCount","line":486,"loc":{"start":{"line":486,"column":4},"end":{"line":486,"column":63}}},"32":{"name":"getContributors","line":496,"loc":{"start":{"line":496,"column":4},"end":{"line":496,"column":101}}},"33":{"name":"getHealBalance","line":528,"loc":{"start":{"line":528,"column":4},"end":{"line":528,"column":57}}}},"statementMap":{"1":{"start":{"line":112,"column":8},"end":{"line":112,"column":47}},"2":{"start":{"line":113,"column":8},"end":{"line":113,"column":60}},"3":{"start":{"line":116,"column":8},"end":{"line":116,"column":53}},"4":{"start":{"line":119,"column":8},"end":{"line":119,"column":25}},"5":{"start":{"line":120,"column":8},"end":{"line":120,"column":33}},"6":{"start":{"line":123,"column":8},"end":{"line":123,"column":17}},"7":{"start":{"line":124,"column":8},"end":{"line":124,"column":19}},"8":{"start":{"line":125,"column":8},"end":{"line":125,"column":19}},"9":{"start":{"line":127,"column":8},"end":{"line":127,"column":30}},"10":{"start":{"line":128,"column":8},"end":{"line":128,"column":39}},"11":{"start":{"line":130,"column":8},"end":{"line":130,"column":41}},"12":{"start":{"line":136,"column":8},"end":{"line":136,"column":42}},"13":{"start":{"line":138,"column":8},"end":{"line":138,"column":64}},"14":{"start":{"line":139,"column":8},"end":{"line":139,"column":58}},"15":{"start":{"line":142,"column":8},"end":{"line":142,"column":6068}},"16":{"start":{"line":143,"column":12},"end":{"line":143,"column":29}},"17":{"start":{"line":146,"column":8},"end":{"line":146,"column":41}},"18":{"start":{"line":149,"column":8},"end":{"line":149,"column":6316}},"19":{"start":{"line":150,"column":12},"end":{"line":150,"column":46}},"20":{"start":{"line":151,"column":12},"end":{"line":151,"column":65}},"21":{"start":{"line":155,"column":8},"end":{"line":155,"column":48}},"22":{"start":{"line":156,"column":8},"end":{"line":156,"column":6577}},"23":{"start":{"line":165,"column":8},"end":{"line":165,"column":42}},"24":{"start":{"line":167,"column":8},"end":{"line":167,"column":37}},"25":{"start":{"line":169,"column":8},"end":{"line":169,"column":7078}},"26":{"start":{"line":170,"column":12},"end":{"line":170,"column":65}},"27":{"start":{"line":174,"column":8},"end":{"line":174,"column":43}},"28":{"start":{"line":175,"column":8},"end":{"line":175,"column":46}},"29":{"start":{"line":177,"column":8},"end":{"line":177,"column":7449}},"30":{"start":{"line":180,"column":8},"end":{"line":180,"column":65}},"31":{"start":{"line":182,"column":8},"end":{"line":182,"column":113}},"32":{"start":{"line":189,"column":8},"end":{"line":189,"column":79}},"33":{"start":{"line":195,"column":8},"end":{"line":195,"column":73}},"34":{"start":{"line":201,"column":8},"end":{"line":201,"column":33}},"35":{"start":{"line":206,"column":8},"end":{"line":206,"column":42}},"36":{"start":{"line":209,"column":8},"end":{"line":209,"column":8840}},"37":{"start":{"line":211,"column":12},"end":{"line":211,"column":35}},"38":{"start":{"line":214,"column":12},"end":{"line":214,"column":9036}},"39":{"start":{"line":217,"column":15},"end":{"line":217,"column":9202}},"40":{"start":{"line":219,"column":12},"end":{"line":219,"column":27}},"41":{"start":{"line":233,"column":8},"end":{"line":233,"column":29}},"42":{"start":{"line":246,"column":8},"end":{"line":246,"column":20}},"43":{"start":{"line":247,"column":8},"end":{"line":247,"column":18}},"44":{"start":{"line":250,"column":8},"end":{"line":250,"column":10601}},"45":{"start":{"line":252,"column":12},"end":{"line":252,"column":61}},"46":{"start":{"line":254,"column":12},"end":{"line":254,"column":10804}},"47":{"start":{"line":255,"column":16},"end":{"line":255,"column":34}},"48":{"start":{"line":256,"column":16},"end":{"line":256,"column":10909}},"49":{"start":{"line":257,"column":20},"end":{"line":257,"column":64}},"50":{"start":{"line":258,"column":20},"end":{"line":258,"column":70}},"51":{"start":{"line":264,"column":8},"end":{"line":264,"column":11184}},"52":{"start":{"line":265,"column":12},"end":{"line":265,"column":41}},"53":{"start":{"line":267,"column":12},"end":{"line":267,"column":11293}},"54":{"start":{"line":268,"column":16},"end":{"line":268,"column":40}},"55":{"start":{"line":269,"column":16},"end":{"line":269,"column":57}},"56":{"start":{"line":274,"column":8},"end":{"line":274,"column":11492}},"57":{"start":{"line":275,"column":12},"end":{"line":275,"column":44}},"58":{"start":{"line":277,"column":12},"end":{"line":277,"column":11607}},"59":{"start":{"line":278,"column":16},"end":{"line":278,"column":44}},"60":{"start":{"line":279,"column":16},"end":{"line":279,"column":62}},"61":{"start":{"line":286,"column":8},"end":{"line":286,"column":28}},"62":{"start":{"line":287,"column":8},"end":{"line":287,"column":36}},"63":{"start":{"line":292,"column":8},"end":{"line":292,"column":41}},"64":{"start":{"line":297,"column":8},"end":{"line":297,"column":19}},"65":{"start":{"line":298,"column":8},"end":{"line":298,"column":25}},"66":{"start":{"line":299,"column":8},"end":{"line":299,"column":33}},"67":{"start":{"line":300,"column":8},"end":{"line":300,"column":17}},"68":{"start":{"line":305,"column":8},"end":{"line":305,"column":29}},"69":{"start":{"line":306,"column":8},"end":{"line":306,"column":25}},"70":{"start":{"line":311,"column":8},"end":{"line":311,"column":19}},"71":{"start":{"line":322,"column":8},"end":{"line":322,"column":45}},"72":{"start":{"line":332,"column":8},"end":{"line":332,"column":44}},"73":{"start":{"line":338,"column":8},"end":{"line":338,"column":27}},"74":{"start":{"line":346,"column":8},"end":{"line":346,"column":42}},"75":{"start":{"line":353,"column":8},"end":{"line":353,"column":14100}},"76":{"start":{"line":354,"column":12},"end":{"line":354,"column":44}},"77":{"start":{"line":359,"column":8},"end":{"line":359,"column":32}},"78":{"start":{"line":366,"column":8},"end":{"line":366,"column":43}},"79":{"start":{"line":367,"column":8},"end":{"line":367,"column":25}},"80":{"start":{"line":370,"column":8},"end":{"line":370,"column":31}},"81":{"start":{"line":373,"column":8},"end":{"line":373,"column":39}},"82":{"start":{"line":376,"column":8},"end":{"line":376,"column":46}},"83":{"start":{"line":382,"column":8},"end":{"line":382,"column":77}},"84":{"start":{"line":383,"column":8},"end":{"line":383,"column":60}},"85":{"start":{"line":390,"column":8},"end":{"line":390,"column":15649}},"86":{"start":{"line":391,"column":12},"end":{"line":391,"column"
[...]
:104,"column":4},"end":{"line":104,"column":4}},{"start":{"line":104,"column":4},"end":{"line":104,"column":4}}]},"9":{"line":106,"type":"if","locations":[{"start":{"line":106,"column":11},"end":{"line":106,"column":11}},{"start":{"line":106,"column":11},"end":{"line":106,"column":11}}]}}},"contracts/Wallet.sol":{"l":{"34":0,"35":0,"36":0,"40":0,"41":0,"42":0,"46":0,"47":0,"48":0,"52":0,"53":0,"54":0,"58":0,"59":0,"60":0,"64":0,"65":0,"66":0,"70":0,"71":0,"72":0,"76":0,"77":0,"78":0,"82":1,"86":0,"87":1,"94":0,"95":0,"108":1,"109":3,"110":0,"111":3,"113":1,"114":1,"126":0,"127":0,"128":0,"138":0,"139":0,"140":0,"141":0,"142":0,"144":0,"145":0,"146":0,"147":0,"159":0,"160":0,"161":0,"162":0,"164":0,"165":0,"166":0,"167":0,"177":0,"178":0,"190":0,"191":0,"202":0,"203":0,"204":0,"215":0,"216":0,"225":0,"226":0,"227":0,"228":0,"229":0,"231":0,"232":0,"245":0,"246":0,"247":0,"248":0,"249":0,"250":0,"267":0,"268":0,"274":0,"275":0,"289":0,"290":0,"291":0,"303":0,"304":0,"306":0,"316":0,"327":0,"328":0,"329":0,"330":0,"331":0,"332":0,"333":0,"335":0,"336":0,"337":0,"351":0,"352":0,"353":0,"354":0,"355":0,"358":0,"359":0,"361":0,"362":0,"363":0,"389":0,"398":0,"399":0,"408":0,"409":0,"410":0,"411":0,"412":0,"413":0,"414":0,"415":0,"417":0,"418":0,"419":0,"420":0,"435":0,"436":0,"437":0,"439":0,"440":0,"441":0,"454":0,"455":0,"456":0,"457":0,"458":0},"path":"/Users/tikonoff/projects/etheal-contracts/contracts/Wallet.sol","s":{"1":0,"2":0,"3":0,"4":0,"5":0,"6":0,"7":0,"8":0,"9":0,"10":0,"11":0,"12":0,"13":0,"14":0,"15":0,"16":0,"17":1,"18":0,"19":0,"20":0,"21":1,"22":3,"23":0,"24":3,"25":1,"26":1,"27":0,"28":0,"29":0,"30":0,"31":0,"32":0,"33":0,"34":0,"35":0,"36":0,"37":0,"38":0,"39":0,"40":0,"41":0,"42":0,"43":0,"44":0,"45":0,"46":0,"47":0,"48":0,"49":0,"50":0,"51":0,"52":0,"53":0,"54":0,"55":0,"56":0,"57":0,"58":0,"59":0,"60":0,"61":0,"62":0,"63":0,"64":0,"65":0,"66":0,"67":0,"68":0,"69":0,"70":0,"71":0,"72":0,"73":0,"74":0,"75":0,"76":0,"77":0,"78":0,"79":0,"80":0,"81":0,"82":0,"83":0,"84":0,"85":0,"86":0,"87":0,"88":0,"89":0,"90":0,"91":0,"92":0,"93":0,"94":0,"95":0,"96":0,"97":0,"98":0,"99":0,"100":0,"101":0,"102":0,"103":0,"104":0,"105":0,"106":0,"107":0,"108":0,"109":0,"110":0,"111":0,"112":0,"113":0,"114":0,"115":0,"116":0,"117":0,"118":0,"119":0,"120":0},"b":{"1":[0,0],"2":[0,0],"3":[0,0],"4":[0,0],"5":[0,0],"6":[0,0],"7":[0,0],"8":[0,0],"9":[0,1],"10":[0,0],"11":[0,3],"12":[0,0],"13":[0,0],"14":[0,0],"15":[0,0],"16":[0,0],"17":[0,0],"18":[0,0],"19":[0,0],"20":[0,0],"21":[0,0],"22":[0,0],"23":[0,0],"24":[0,0],"25":[0,0],"26":[0,0],"27":[0,0],"28":[0,0],"29":[0,0],"30":[0,0]},"f":{"1":0,"2":0,"3":0,"4":0,"5":0,"6":0,"7":0,"8":0,"9":1,"10":0,"11":1,"12":0,"13":0,"14":0,"15":0,"16":0,"17":0,"18":0,"19":0,"20":0,"21":0,"22":0,"23":0,"24":0,"25":0,"26":0,"27":0,"28":0,"29":0,"30":0,"31":0},"fnMap":{"1":{"name":"onlyWallet","line":33,"loc":{"start":{"line":33,"column":4},"end":{"line":33,"column":23}}},"2":{"name":"ownerDoesNotExist","line":39,"loc":{"start":{"line":39,"column":4},"end":{"line":39,"column":43}}},"3":{"name":"ownerExists","line":45,"loc":{"start":{"line":45,"column":4},"end":{"line":45,"column":37}}},"4":{"name":"transactionExists","line":51,"loc":{"start":{"line":51,"column":4},"end":{"line":51,"column":48}}},"5":{"name":"confirmed","line":57,"loc":{"start":{"line":57,"column":4},"end":{"line":57,"column":55}}},"6":{"name":"notConfirmed","line":63,"loc":{"start":{"line":63,"column":4},"end":{"line":63,"column":58}}},"7":{"name":"notExecuted","line":69,"loc":{"start":{"line":69,"column":4},"end":{"line":69,"column":42}}},"8":{"name":"notNull","line":75,"loc":{"start":{"line":75,"column":4},"end":{"line":75,"column":36}}},"9":{"name":"validRequirement","line":81,"loc":{"start":{"line":81,"column":4},"end":{"line":81,"column":60}}},"10":{"name":null,"line":91,"loc":{"start":{"line":91,"column":4},"end":{"line":93,"column":5}}},"11":{"name":"MultiSigWallet","line":104,"loc":{"start":{"line":104,"column":4},"end":{"line":107,"column":5}}},"12":{"name":"addOwner","line":119,"loc":{"start":{"line":119,"column":4},"end":{"line":125,"column":5}}},"13":{"name":"removeOwner","line":133,"loc":{"start":{"line":133,"column":4},"end":{"line":137,"column":5}}},"14":{"name":"replaceOwner","line":153,"loc":{"start":{"line":153,"column":4},"end":{"line":158,"column":5}}},"15":{"name":"changeRequirement","line":172,"loc":{"start":{"line":172,"column":4},"end":{"line":176,"column":5}}},"16":{"name":"submitTransaction","line":186,"loc":{"start":{"line":186,"column":4},"end":{"line":189,"column":5}}},"17":{"name":"confirmTransaction","line":196,"loc":{"start":{"line":196,"column":4},"end":{"line":201,"column":5}}},"18":{"name":"revokeConfirmation","line":209,"loc":{"start":{"line":209,"column":4},"end":{"line":214,"column":5}}},"19":{"name":"executeTransaction","line":221,"loc":{"start":{"line":221,"column":4},"end":{"line":224,"column":5}}},"20":{"name":"isConfirmed","line":240,"loc":{"start":{"line":240,"column":4},"end":{"line":244,"column":5}}},"21":{"name":"addTransaction","line":262,"loc":{"start":{"line":262,"column":4},"end":{"line":266,"column":5}}},"22":{"name":"getConfirmationCount","line":284,"loc":{"start":{"line":284,"column":4},"end":{"line":288,"column":5}}},"23":{"name":"getTransactionCount","line":298,"loc":{"start":{"line":298,"column":4},"end":{"line":302,"column":5}}},"24":{"name":"getOwners","line":311,"loc":{"start":{"line":311,"column":4},"end":{"line":315,"column":5}}},"25":{"name":"getConfirmations","line":322,"loc":{"start":{"line":322,"column":4},"end":{"line":326,"column":5}}},"26":{"name":"getTransactionIds","line":346,"loc":{"start":{"line":346,"column":4},"end":{"line":350,"column":5}}},"27":{"name":"MultiSigWalletWithDailyLimit","line":385,"loc":{"start":{"line":385,"column":4},"end":{"line":388,"column":5}}},"28":{"name":"changeDailyLimit","line":394,"loc":{"start":{"line":394,"column":4},"end":{"line":397,"column":5}}},"29":{"name":"executeTransaction","line":404,"loc":{"start":{"line":404,"column":4},"end":{"line":407,"column":5}}},"30":{"name":"isUnderLimit","line":431,"loc":{"start":{"line":431,"column":4},"end":{"line":434,"column":5}}},"31":{"name":"calcMaxWithdraw","line":449,"loc":{"start":{"line":449,"column":4},"end":{"line":453,"column":5}}}},"statementMap":{"1":{"start":{"line":34,"column":8},"end":{"line":34,"column":1200}},"2":{"start":{"line":35,"column":12},"end":{"line":35,"column":17}},"3":{"start":{"line":40,"column":8},"end":{"line":40,"column":1326}},"4":{"start":{"line":41,"column":12},"end":{"line":41,"column":17}},"5":{"start":{"line":46,"column":8},"end":{"line":46,"column":1433}},"6":{"start":{"line":47,"column":12},"end":{"line":47,"column":17}},"7":{"start":{"line":52,"column":8},"end":{"line":52,"column":1552}},"8":{"start":{"line":53,"column":12},"end":{"line":53,"column":17}},"9":{"start":{"line":58,"column":8},"end":{"line":58,"column":1707}},"10":{"start":{"line":59,"column":12},"end":{"line":59,"column":17}},"11":{"start":{"line":64,"column":8},"end":{"line":64,"column":1857}},"12":{"start":{"line":65,"column":12},"end":{"line":65,"column":17}},"13":{"start":{"line":70,"column":8},"end":{"line":70,"column":1990}},"14":{"start":{"line":71,"column":12},"end":{"line":71,"column":17}},"15":{"start":{"line":76,"column":8},"end":{"line":76,"column":2118}},"16":{"start":{"line":77,"column":12},"end":{"line":77,"column":17}},"17":{"start":{"line":82,"column":8},"end":{"line":82,"column":2247}},"18":{"start":{"line":86,"column":12},"end":{"line":86,"column":17}},"19":{"start":{"line":94,"column":8},"end":{"line":94,"column":2546}},"20":{"start":{"line":95,"column":12},"end":{"line":95,"column":41}},"21":{"start":{"line":108,"column":8},"end":{"line":108,"column":2963}},"22":{"start":{"line":109,"column":12},"end":{"line":109,"column":3028}},"23":{"start":{"line":110,"column":16},"end":{"line":110,"column":21}},"24":{"start":{"line":111,"column":12},"end":{"line":111,"column":37}},"25":{"start":{"line":113,"column":8},"end":{"line":113,"column":23}},"26":{"start":{"line":114,"column":8},"end":{"line":114,"column":27}},"27":{"start":{"line":126,"column":8},"end":{"line":126,"column":28}},"28":{"start":{"line":128,"column":8},"end":{"line":128,"column":27}},"29":{"start":{"line":138,"column":8},"end":{"line":138,"column":29}},"30":{"start":{"line":139,"column":8},"end":{"line":139,"column":3867}},"31":{"start":{"line":140,"column":12},"end":{"line":140,"column":3920}},"32":{"start":{"line":141,"column":16},"end":{"line":141,"column":52}},"33":{"start":{"line":144,"column":8},"end":{"line":144,"column":25}},"34":{"start":{"line":145,"column":8},"end":{"line":145,"column":4106}},"35":{"start":{"line":146,"column":12},"end":{"line":146,"column":43}},"36":{"start":{"line":147,"column":8},"end":{"line":147,"column":26}},"37":{"start":{"line":159,"column":8},"end":{"line":159,"column":4549}},"38":{"start":{"line":160,"column":12},"end":{"line":160,"column":4598}},"39":{"start":{"line":161,"column":16},"end":{"line":161,"column":35}},"40":{"start":{"line":164,"column":8},"end":{"line":164,"column":29}},"41":{"start":{"line":165,"column":8},"end":{"line":165,"column":31}},"42":{"start":{"line":166,"column":8},"end":{"line":166,"column":26}},"43":{"start":{"line":167,"column":8},"end":{"line":167,"column":30}},"44":{"start":{"line":177,"column":8},"end":{"line":177,"column":27}},"45":{"start":{"line":178,"column":8},"end":{"line":178,"column":35}},"46":{"start":{"line":190,"column":8},"end":{"line":190,"column":63}},"47":{"start":{"line":191,"column":8},"end":{"line":191,"column":40}},"48":{"start":{"line":202,"column":8},"end":{"line":202,"column":54}},"49":{"start":{"line":203,"column":8},"end":{"line":203,"column":46}},"50":{"start":{"line":204,"column":8},"end":{"line":204,"column":40}},"51":{"start":{"line":215,"column":8},"end":{"line":215,"column":55}},"52":{"start":{"line":216,"column":8},"end":{"line":216,"column":44}},"53":{"start":{"line":225,"column":8},"end":{"line":225,"column":6800}},"54":{"start":{"line":226,"column":12},"end":{"line":226,"column":55}},"55":{"start":{"line":227,"column":12},"end":{"line":227,"column":29}},"56":{"start":{"line":228,"column":12},"end":{"line":228,"column":6940}},"57":{"start":{"line":229,"column":16},"end":{"line":229,"column":39}},"58":{"start":{"line":231,"column":16},"end":{"line":231,"column":46}},"59":{"start":{"line":232,"column":16},"end":{"line":232,"column":34}},"60":{"start":{"line":245,"column":8},"end":{"line":245,"column":21}},"61":{"start":{"line":246,"column":8},"end":{"line":246,"column":7447}},"62":{"start":{"line":247,"column":12},"end":{"line":247,"column":7516}},"63":{"start":{"line":248,"column":16},"end":{"line":248,"column":25}},"64":{"start":{"line":249,"column":12},"end":{"line":249,"column":7602}},"65":{"start":{"line":250,"column":16},"end":{"line":250,"column":27}},"66":{"start":{"line":267,"column":8},"end":{"line":267,"column":39}},"67":{"start":{"line":268,"column":8},"end":{"line":268,"column":8192}},"68":{"start":{"line":274,"column":8},"end":{"line":274,"column":28}},"69":{"start":{"line":275,"column":8},"end":{"line":275,"column":32}},"70":{"start":{"line":289,"column":8},"end":{"line":289,"column":8774}},"71":{"start":{"line":290,"column":12},"end":{"line":290,"column":8823}},"72":{"start":{"line":291,"column":16},"end":{"line":291,"column":25}},"73":{"start":{"line":303,"column":8},"end":{"line":303,"column":9296}},"74":{"start":{"line":304,"column":12},"end":{"line":304,"column":9348}},"75":{"start":{"line":306,"column":16},"end":{"line":306,"column":25}},"76":{"start":{"line":316,"column":8},"end":{"line":316,"column":21}},"77":{"start":{"line":327,"column":8},"end":{"line":327,"column":72}},"78":{"start":{"line":328,"column":8},"end":{"line":328,"column":21}},"79":{"start":{"line":330,"column":8},"end":{"line":330,"column":10096}},"80":{"start":{"line":331,"column":12},"end":{"line":331,"column":10140}},"81":{"start":{"line":332,"column":16},"end":{"line":332,"column":51}},"82":{"start":{"line":333,"column":16},"end":{"line":333,"column":25}},"83":{"start":{"line":335,"column":8},"end":{"line":335,"column":44}},"84":{"start":{"line":336,"column":8},"end":{"line":336,"column":10378}},"85":{"start":{"line":337,"column":12},"end":{"line":337,"column":51}},"86":{"start":{"line":351,"column":8},"end":{"line":351,"column":70}},"87":{"start":{"line":352,"column":8},"end":{"line":352,"column":21}},"88":{"start":{"line":354,"column":8},"end":{"line":354,"column":11046}},"89":{"start":{"line":355,"column":12},"end":{"line":355,"column":11093}},"90":{"start":{"line":358,"column":16},"end":{"line":358,"column":44}},"91":{"start":{"line":359,"column":16},"end":{"line":359,"column":25}},"92":{"start":{"line":361,"column":8},"end":{"line":361,"column":46}},"93":{"start":{"line":362,"column":8},"end":{"line":362,"column":11403}},"94":{"start":{"line":363,"column":12},"end":{"line":363,"column":60}},"95":{"start":{"line":389,"column":8},"end":{"line":389,"column":31}},"96":{"start":{"line":398,"column":8},"end":{"line":398,"column":31}},"97":{"start":{"line":399,"column":8},"end":{"line":399,"column":36}},"98":{"start":{"line":408,"column":8},"end":{"line":408,"column":51}},"99":{"start":{"line":409,"column":8},"end":{"line":409,"column":50}},"100":{"start":{"line":410,"column":8},"end":{"line":410,"column":13042}},"101":{"start":{"line":411,"column":12},"end":{"line":411,"column":29}},"102":{"start":{"line":412,"column":12},"end":{"line":412,"column":13182}},"103":{"start":{"line":413,"column":16},"end":{"line":413,"column":37}},"104":{"start":{"line":414,"column":12},"end":{"line":414,"column":13224}},"105":{"start":{"line":415,"column":16},"end":{"line":415,"column":39}},"106":{"start":{"line":417,"column":16},"end":{"line":417,"column":46}},"107":{"start":{"line":418,"column":16},"end":{"line":418,"column":34}},"108":{"start":{"line":419,"column":16},"end":{"line":419,"column":13467}},"109":{"start":{"line":420,"column":20},"end":{"line":420,"column":41}},"110":{"start":{"line":435,"column":8},"end":{"line":435,"column":13846}},"111":{"start":{"line":436,"column":12},"end":{"line":436,"column":24}},"112":{"start":{"line":437,"column":12},"end":{"line":437,"column":25}},"113":{"start":{"line":439,"column":8},"end":{"line":439,"column":13967}},"114":{"start":{"line":440,"column":12},"end":{"line":440,"column":24}},"115":{"start":{"line":441,"column":8},"end":{"line":441,"column":19}},"116":{"start":{"line":454,"column":8},"end":{"line":454,"column":14320}},"117":{"start":{"line":455,"column":12},"end":{"line":455,"column":29}},"118":{"start":{"line":456,"column":8},"end":{"line":456,"column":14380}},"119":{"start":{"line":457,"column":12},"end":{"line":457,"column":20}},"120":{"start":{"line":458,"column":8},"end":{"line":458,"column":38}}},"branchMap":{"1":{"line":34,"type":"if","locations":[{"start":{"line":34,"column":8},"end":{"line":34,"column":8}},{"start":{"line":34,"column":8},"end":{"line":34,"column":8}}]},"2":{"line":40,"type":"if","locations":[{"start":{"line":40,"column":8},"end":{"line":40,"column":8}},{"start":{"line":40,"column":8},"end":{"line":40,"column":8}}]},"3":{"line":46,"type":"if","locations":[{"start":{"line":46,"column":8},"end":{"line":46,"column":8}},{"start":{"line":46,"column":8},"end":{"line":46,"column":8}}]},"4":{"line":52,"type":"if","locations":[{"start":{"line":52,"column":8},"end":{"line":52,"column":8}},{"start":{"line":52,"column":8},"end":{"line":52,"column":8}}]},"5":{"line":58,"type":"if","locations":[{"start":{"line":58,"column":8},"end":{"line":58,"column":8}},{"start":{"line":58,"column":8},"end":{"line":58,"column":8}}]},"6":{"line":64,"type":"if","locations":[{"start":{"line":64,"column":8},"end":{"line":64,"column":8}},{"start":{"line":64,"column":8},"end":{"line":64,"column":8}}]},"7":{"line":70,"type":"if","locations":[{"start":{"line":70,"column":8},"end":{"line":70,"column":8}},{"start":{"line":70,"column":8},"end":{"line":70,"column":8}}]},"8":{"line":76,"type":"if","locations":[{"start":{"line":76,"column":8},"end":{"line":76,"column":8}},{"start":{"line":76,"column":8},"end":{"line":76,"column":8}}]},"9":{"line":82,"type":"if","locations":[{"start":{"line":82,"column":8},"end":{"line":82,"column":8}},{"start":{"line":82,"column":8},"end":{"line":82,"column":8}}]},"10":{"line":94,"type":"if","locations":[{"start":{"line":94,"column":8},"end":{"line":94,"column":8}},{"start":{"line":94,"column":8},"end":{"line":94,"column":8}}]},"11":{"line":109,"type":"if","locations":[{"start":{"line":109,"column":12},"end":{"line":109,"column":12}},{"start":{"line":109,"column":12},"end":{"line":109,"column":12}}]},"12":{"line":140,"type":"if","locations":[{"start":{"line":140,"column":12},"end":{"line":140,"column":12}},{"start":{"line":140,"column":12},"end":{"line":140,"column":12}}]},"13":{"line":145,"type":"if","locations":[{"start":{"line":145,"column":8},"end":{"line":145,"column":8}},{"start":{"line":145,"column":8},"end":{"line":145,"column":8}}]},"14":{"line":160,"type":"if","locations":[{"start":{"line":160,"column":12},"end":{"line":160,"column":12}},{"start":{"line":160,"column":12},"end":{"line":160,"column":12}}]},"15":{"line":225,"type":"if","locations":[{"start":{"line":225,"column":8},"end":{"line":225,"column":8}},{"start":{"line":225,"column":8},"end":{"line":225,"column":8}}]},"16":{"line":228,"type":"if","locations":[{"start":{"line":228,"column":12},"end":{"line":228,"column":12}},{"start":{"line":228,"column":12},"end":{"line":228,"column":12}}]},"17":{"line":247,"type":"if","locations":[{"start":{"line":247,"column":12},"end":{"line":247,"column":12}},{"start":{"line":247,"column":12},"end":{"line":247,"column":12}}]},"18":{"line":249,"type":"if","locations":[{"start":{"line":249,"column":12},"end":{"line":249,"column":12}},{"start":{"line":249,"column":12},"end":{"line":249,"column":12}}]},"19":{"line":290,"type":"if","locations":[{"start":{"line":290,"column":12},"end":{"line":290,"column":12}},{"start":{"line":290,"column":12},"end":{"line":290,"column":12}}]},"20":{"line":304,"type":"if","locations":[{"start":{"line":304,"column":12},"end":{"line":304,"column":12}},{"start":{"line":304,"column":12},"end":{"line":304,"column":12}}]},"21":{"line":331,"type":"if","locations":[{"start":{"line":331,"column":12},"end":{"line":331,"column":12}},{"start":{"line":331,"column":12},"end":{"line":331,"column":12}}]},"22":{"line":355,"type":"if","locations":[{"start":{"line":355,"column":12},"end":{"line":355,"column":12}},{"start":{"line":355,"column":12},"end":{"line":355,"column":12}}]},"23":{"line":410,"type":"if","locations":[{"start":{"line":410,"column":8},"end":{"line":410,"column":8}},{"start":{"line":410,"column":8},"end":{"line":410,"column":8}}]},"24":{"line":412,"type":"if","locations":[{"start":{"line":412,"column":12},"end":{"line":412,"column":12}},{"start":{"line":412,"column":12},"end":{"line":412,"column":12}}]},"25":{"line":414,"type":"if","locations":[{"start":{"line":414,"column":12},"end":{"line":414,"column":12}},{"start":{"line":414,"column":12},"end":{"line":414,"column":12}}]},"26":{"line":419,"type":"if","locations":[{"start":{"line":419,"column":16},"end":{"line":419,"column":16}},{"start":{"line":419,"column":16},"end":{"line":419,"column":16}}]},"27":{"line":435,"type":"if","locations":[{"start":{"line":435,"column":8},"end":{"line":435,"column":8}},{"start":{"line":435,"column":8},"end":{"line":435,"column":8}}]},"28":{"line":439,"type":"if","locations":[{"start":{"line":439,"column":8},"end":{"line":439,"column":8}},{"start":{"line":439,"column":8},"end":{"line":439,"column":8}}]},"29":{"line":454,"type":"if","locations":[{"start":{"line":454,"column":8},"end":{"line":454,"column":8}},{"start":{"line":454,"column":8},"end":{"line":454,"column":8}}]},"30":{"line":456,"type":"if","locations":[{"start":{"line":456,"column":8},"end":{"line":456,"column":8}},{"start":{"line":456,"column":8},"end":{"line":456,"column":8}}]}}}}