TN:
SF:/Users/tikonoff/projects/etheal-sale/contracts/AbstractVirtualToken.sol
FN:111,AbstractToken
FN:121,balanceOf
FN:132,transfer
FN:151,transferFrom
FN:175,approve
FN:190,allowance
FN:239,AbstractVirtualToken
FN:248,totalSupply
FN:258,balanceOf
FN:269,transfer
FN:286,transferFrom
FN:307,getVirtualBalance
FN:324,materializeBalanceIfNeeded
FNF:13
FNH:11
FNDA:229,AbstractToken
FNDA:0,balanceOf
FNDA:10,transfer
FNDA:2,transferFrom
FNDA:3,approve
FNDA:3,allowance
FNDA:229,AbstractVirtualToken
FNDA:0,totalSupply
FNDA:20,balanceOf
FNDA:11,transfer
FNDA:3,transferFrom
FNDA:29,getVirtualBalance
FNDA:12,materializeBalanceIfNeeded
DA:122,0
DA:133,10
DA:134,10
DA:135,10
DA:136,9
DA:137,9
DA:138,9
DA:140,10
DA:152,2
DA:153,2
DA:154,2
DA:155,2
DA:157,2
DA:159,2
DA:160,1
DA:161,1
DA:162,1
DA:164,2
DA:176,3
DA:177,3
DA:179,3
DA:191,3
DA:249,0
DA:259,20
DA:270,11
DA:272,10
DA:273,10
DA:287,3
DA:288,2
DA:290,2
DA:291,2
DA:308,29
DA:310,28
DA:311,28
DA:312,28
DA:313,0
DA:325,12
DA:326,12
DA:328,11
DA:330,9
DA:331,9
DA:332,9
DA:333,9
LF:43
LH:40
BRDA:134,1,0,0
BRDA:134,1,1,10
BRDA:135,2,0,9
BRDA:135,2,1,1
BRDA:153,3,0,0
BRDA:153,3,1,2
BRDA:155,4,0,0
BRDA:155,4,1,2
BRDA:159,5,0,1
BRDA:159,5,1,1
BRDA:270,6,0,1
BRDA:270,6,1,10
BRDA:287,7,0,1
BRDA:287,7,1,2
BRDA:288,8,0,0
BRDA:288,8,1,2
BRDA:308,9,0,1
BRDA:308,9,1,28
BRDA:312,10,0,0
BRDA:312,10,1,28
BRDA:326,11,0,11
BRDA:326,11,1,1
BRDA:328,12,0,9
BRDA:328,12,1,2
BRDA:331,13,0,9
BRDA:331,13,1,0
BRF:26
BRH:20
end_of_record
TN:
SF:/Users/tikonoff/projects/etheal-sale/contracts/CappedCrowdsale.sol
FN:15,CappedCrowdsale
FN:22,validPurchase
FN:28,hasEnded
FN:33,capReached
FN:38,buyTokens
FNF:5
FNH:3
FNDA:232,CappedCrowdsale
FNDA:0,validPurchase
FNDA:238,hasEnded
FNDA:204,capReached
FNDA:0,buyTokens
DA:16,232
DA:17,231
DA:23,0
DA:29,238
DA:34,204
DA:39,0
DA:40,0
DA:42,0
DA:44,0
DA:45,0
DA:46,0
LF:11
LH:4
BRDA:16,1,0,231
BRDA:16,1,1,1
BRDA:40,2,0,0
BRDA:40,2,1,0
BRDA:45,3,0,0
BRDA:45,3,1,0
BRF:6
BRH:2
end_of_record
TN:
SF:/Users/tikonoff/projects/etheal-sale/contracts/Controlled.sol
FN:6,onlyController
FN:10,Controlled
FN:14,changeController
FNF:3
FNH:3
FNDA:1832,onlyController
FNDA:229,Controlled
FNDA:229,changeController
DA:15,229
LF:1
LH:1
BRDA:6,1,0,1832
BRDA:6,1,1,0
BRF:2
BRH:1
end_of_record
TN:
SF:/Users/tikonoff/projects/etheal-sale/contracts/Crowdsale.sol
FN:43,Crowdsale
FN:57,
FN:62,buyTokens
FN:67,buyTokens
FN:81,transferToken
FN:92,forwardFunds
FN:97,validPurchase
FN:104,hasEnded
FN:109,hasStarted
FNF:9
FNH:4
FNDA:234,Crowdsale
FNDA:40,
FNDA:0,buyTokens
FNDA:0,buyTokens
FNDA:0,transferToken
FNDA:69,forwardFunds
FNDA:0,validPurchase
FNDA:238,hasEnded
FNDA:0,hasStarted
DA:44,234
DA:45,234
DA:46,234
DA:47,233
DA:49,232
DA:50,232
DA:51,232
DA:52,232
DA:58,40
DA:63,0
DA:68,0
DA:69,0
DA:71,0
DA:74,0
DA:76,0
DA:83,0
DA:85,0
DA:87,0
DA:93,69
DA:98,0
DA:99,0
DA:100,0
DA:105,238
DA:110,0
LF:24
LH:11
BRDA:44,1,0,234
BRDA:44,1,1,0
BRDA:45,2,0,234
BRDA:45,2,1,0
BRDA:46,3,0,233
BRDA:46,3,1,1
BRDA:47,4,0,232
BRDA:47,4,1,1
BRDA:68,5,0,0
BRDA:68,5,1,0
BRDA:69,6,0,0
BRDA:69,6,1,0
BRF:12
BRH:6
end_of_record
TN:
SF:/Users/tikonoff/projects/etheal-sale/contracts/ECRecovery.sol
FN:17,recover
FNF:1
FNH:1
FNDA:38,recover
DA:18,38
DA:19,38
DA:20,38
DA:23,38
DA:24,29
DA:28,9
DA:35,9
DA:36,9
DA:40,9
DA:41,0
DA:43,9
LF:11
LH:10
BRDA:23,1,0,29
BRDA:23,1,1,9
BRDA:35,2,0,9
BRDA:35,2,1,0
BRDA:40,3,0,0
BRDA:40,3,1,9
BRF:6
BRH:4
end_of_record
TN:
SF:/Users/tikonoff/projects/etheal-sale/contracts/ERC20.sol
FNF:0
FNH:0
LF:0
LH:0
BRF:0
BRH:0
end_of_record
TN:
SF:/Users/tikonoff/projects/etheal-sale/contracts/ERC20MiniMe.sol
FNF:0
FNH:0
LF:0
LH:0
BRF:0
BRH:0
end_of_record
TN:
SF:/Users/tikonoff/projects/etheal-sale/contracts/EthealController.sol
FN:70,onlyCrowdsale
FN:76,onlyEthealMultisig
FN:87,EthealController
FN:95,extractTokens
FN:108,setCrowdsaleTransfer
FN:119,isCrowdsaleOpen
FN:129,createGrant
FN:144,transferToGrant
FN:152,revokeGrant
FN:159,getGrantCount
FN:169,burn
FN:176,setNewController
FN:195,setNewMultisig
FN:207,setEthealToken
FN:245,setHodlerTime
FN:250,addHodlerStake
FN:255,setHodlerStake
FN:265,proxyPayment
FN:270,onTransfer
FN:277,onApprove
FN:282,claimTokenTokens
FNF:21
FNH:8
FNDA:49,onlyCrowdsale
FNDA:0,onlyEthealMultisig
FNDA:229,EthealController
FNDA:0,extractTokens
FNDA:229,setCrowdsaleTransfer
FNDA:229,isCrowdsaleOpen
FNDA:0,createGrant
FNDA:0,transferToGrant
FNDA:0,revokeGrant
FNDA:0,getGrantCount
FNDA:0,burn
FNDA:0,setNewController
FNDA:0,setNewMultisig
FNDA:229,setEthealToken
FNDA:20,setHodlerTime
FNDA:29,addHodlerStake
FNDA:0,setHodlerStake
FNDA:0,proxyPayment
FNDA:313,onTransfer
FNDA:0,onApprove
FNDA:0,claimTokenTokens
DA:71,49
DA:72,49
DA:77,0
DA:78,0
DA:88,229
DA:90,229
DA:91,229
DA:96,0
DA:98,0
DA:109,229
DA:111,229
DA:114,229
DA:120,229
DA:130,0
DA:133,0
DA:134,0
DA:136,0
DA:140,0
DA:145,0
DA:148,0
DA:153,0
DA:155,0
DA:160,0
DA:170,0
DA:172,0
DA:177,0
DA:179,0
DA:180,0
DA:181,0
DA:184,0
DA:185,0
DA:186,0
DA:189,0
DA:190,0
DA:191,0
DA:196,0
DA:198,0
DA:208,229
DA:210,229
DA:213,229
DA:215,0
DA:218,229
DA:222,229
DA:224,229
DA:226,229
DA:228,229
DA:230,229
DA:232,229
DA:234,229
DA:235,229
DA:246,20
DA:251,29
DA:256,0
DA:266,0
DA:272,313
DA:274,313
DA:278,0
DA:283,0
DA:285,0
LF:59
LH:25
BRDA:71,1,0,49
BRDA:71,1,1,0
BRDA:77,2,0,0
BRDA:77,2,1,0
BRDA:88,3,0,229
BRDA:88,3,1,0
BRDA:96,4,0,0
BRDA:96,4,1,0
BRDA:109,5,0,229
BRDA:109,5,1,0
BRDA:114,6,0,229
BRDA:114,6,1,0
BRDA:130,7,0,0
BRDA:130,7,1,0
BRDA:133,8,0,0
BRDA:133,8,1,0
BRDA:140,9,0,0
BRDA:140,9,1,0
BRDA:145,10,0,0
BRDA:145,10,1,0
BRDA:148,11,0,0
BRDA:148,11,1,0
BRDA:153,12,0,0
BRDA:153,12,1,0
BRDA:170,13,0,0
BRDA:170,13,1,0
BRDA:172,14,0,0
BRDA:172,14,1,0
BRDA:177,15,0,0
BRDA:177,15,1,0
BRDA:185,16,0,0
BRDA:185,16,1,0
BRDA:190,17,0,0
BRDA:190,17,1,0
BRDA:196,18,0,0
BRDA:196,18,1,0
BRDA:208,19,0,229
BRDA:208,19,1,0
BRDA:213,20,0,0
BRDA:213,20,1,229
BRDA:216,21,0,229
BRDA:216,21,1,0
BRDA:222,22,0,229
BRDA:222,22,1,0
BRDA:283,23,0,0
BRDA:283,23,1,0
BRF:46
BRH:8
end_of_record
TN:
SF:/Users/tikonoff/projects/etheal-sale/contracts/EthealDeposit.sol
FN:44,EthealDeposit
FN:51,setSale
FN:56,setWhitelist
FN:61,extractTokens
FN:72,whitelistSet
FN:77,saleNotEnded
FN:82,saleEnded
FN:88,
FN:95,deposit
FN:113,forwardTransaction
FN:118,forwardManyTransaction
FN:132,forwardInvestorTransaction
FN:147,refundTransaction
FN:152,refundManyTransaction
FN:159,refundInvestor
FN:171,addTransaction
FN:194,forwardTransactionInternal
FN:218,bytesToArgument
FN:234,refundTransactionInternal
FN:258,getTransactionIds
FNF:20
FNH:20
FNDA:231,EthealDeposit
FNDA:1,setSale
FNDA:1,setWhitelist
FNDA:2,extractTokens
FNDA:45,whitelistSet
FNDA:44,saleNotEnded
FNDA:11,saleEnded
FNDA:5,
FNDA:35,deposit
FNDA:5,forwardTransaction
FNDA:1,forwardManyTransaction
FNDA:2,forwardInvestorTransaction
FNDA:3,refundTransaction
FNDA:1,refundManyTransaction
FNDA:1,refundInvestor
FNDA:33,addTransaction
FNDA:21,forwardTransactionInternal
FNDA:19,bytesToArgument
FNDA:7,refundTransactionInternal
FNDA:4,getTransactionIds
DA:45,231
DA:46,230
DA:47,230
DA:52,1
DA:57,1
DA:62,2
DA:64,1
DA:73,45
DA:74,44
DA:78,44
DA:79,43
DA:83,11
DA:84,7
DA:89,5
DA:96,35
DA:97,34
DA:99,33
DA:102,33
DA:106,10
DA:109,33
DA:114,5
DA:119,1
DA:121,1
DA:123,2
DA:126,2
DA:133,2
DA:134,2
DA:135,2
DA:137,2
DA:138,4
DA:140,4
DA:141,4
DA:148,3
DA:153,1
DA:154,2
DA:160,1
DA:161,2
DA:172,33
DA:175,33
DA:183,33
DA:185,33
DA:186,33
DA:187,33
DA:189,33
DA:195,21
DA:198,20
DA:199,1
DA:203,19
DA:206,19
DA:207,1
DA:209,18
DA:211,18
DA:212,18
DA:214,18
DA:219,19
DA:220,19
DA:221,19
DA:222,19
DA:235,7
DA:238,7
DA:239,1
DA:243,6
DA:244,6
DA:246,6
DA:247,6
DA:249,6
DA:259,4
DA:260,4
DA:261,4
DA:264,4
DA:265,8
DA:266,4
DA:267,4
DA:271,4
DA:272,4
DA:273,4
DA:276,4
LF:77
LH:77
BRDA:45,1,0,230
BRDA:45,1,1,1
BRDA:62,2,0,1
BRDA:62,2,1,1
BRDA:73,3,0,44
BRDA:73,3,1,1
BRDA:78,4,0,43
BRDA:78,4,1,1
BRDA:83,5,0,7
BRDA:83,5,1,4
BRDA:96,6,0,34
BRDA:96,6,1,1
BRDA:97,7,0,33
BRDA:97,7,1,1
BRDA:102,8,0,10
BRDA:102,8,1,23
BRDA:114,9,0,2
BRDA:114,9,1,3
BRDA:123,10,0,2
BRDA:123,10,1,0
BRDA:140,11,0,4
BRDA:140,11,1,0
BRDA:148,12,0,2
BRDA:148,12,1,1
BRDA:195,13,0,20
BRDA:195,13,1,1
BRDA:198,14,0,1
BRDA:198,14,1,19
BRDA:206,15,0,1
BRDA:206,15,1,18
BRDA:235,16,0,7
BRDA:235,16,1,0
BRDA:238,17,0,1
BRDA:238,17,1,6
BRDA:265,18,0,4
BRDA:265,18,1,4
BRF:36
BRH:33
end_of_record
TN:
SF:/Users/tikonoff/projects/etheal-sale/contracts/EthealNormalSale.sol
FN:75,EthealNormalSale
FN:111,setMinContribution
FN:116,setCaps
FN:124,setTimes
FN:131,setRate
FN:137,setPromoTokenController
FN:143,setWhitelist
FN:152,setDeposit
FN:162,buyTokens
FN:167,buyTokens
FN:172,handlePayment
FN:187,handleContribution
FN:215,transferToken
FN:240,depositEth
FN:247,depositOffchain
FN:254,validPurchase
FN:263,hasEnded
FN:268,finalization
FN:291,afterSale
FN:297,claimToken
FN:304,claimTokenFor
FN:325,claimManyTokenFor
FN:340,setPromoBonus
FN:352,setBonusExtra
FN:358,setManyBonusExtra
FN:365,getBonusNow
FN:370,getBonus
FN:414,howMuchCanIContributeNow
FN:421,howMuchCanXContributeNow
FN:437,getSaleDay
FN:447,getSaleDayNow
FN:454,getSaleHour
FN:464,getSaleHourNow
FN:469,uint256Min
FN:480,getContributorsCount
FN:490,getContributors
FN:512,getHealBalance
FNF:37
FNH:36
FNDA:231,EthealNormalSale
FNDA:1,setMinContribution
FNDA:3,setCaps
FNDA:2,setTimes
FNDA:2,setRate
FNDA:231,setPromoTokenController
FNDA:231,setWhitelist
FNDA:230,setDeposit
FNDA:58,buyTokens
FNDA:0,buyTokens
FNDA:77,handlePayment
FNDA:78,handleContribution
FNDA:77,transferToken
FNDA:20,depositEth
FNDA:2,depositOffchain
FNDA:77,validPurchase
FNDA:238,hasEnded
FNDA:20,finalization
FNDA:55,afterSale
FNDA:6,claimToken
FNDA:31,claimTokenFor
FNDA:15,claimManyTokenFor
FNDA:12,setPromoBonus
FNDA:7,setBonusExtra
FNDA:1,setManyBonusExtra
FNDA:1,getBonusNow
FNDA:132,getBonus
FNDA:1,howMuchCanIContributeNow
FNDA:79,howMuchCanXContributeNow
FNDA:133,getSaleDay
FNDA:1,getSaleDayNow
FNDA:133,getSaleHour
FNDA:1,getSaleHourNow
FNDA:95,uint256Min
FNDA:2,getContributorsCount
FNDA:4,getContributors
FNDA:20,getHealBalance
DA:91,231
DA:92,230
DA:95,230
DA:96,229
DA:97,229
DA:100,229
DA:101,229
DA:103,229
DA:112,1
DA:117,3
DA:118,1
DA:119,1
DA:120,1
DA:125,2
DA:126,1
DA:127,1
DA:132,2
DA:133,1
DA:138,231
DA:139,230
DA:145,231
DA:146,230
DA:148,231
DA:153,230
DA:163,58
DA:168,0
DA:173,77
DA:175,76
DA:176,69
DA:179,69
DA:180,69
DA:181,1
DA:188,78
DA:190,77
DA:191,77
DA:194,77
DA:195,70
DA:198,70
DA:199,18
DA:200,18
DA:204,70
DA:205,4
DA:208,70
DA:216,77
DA:217,77
DA:220,71
DA:221,71
DA:227,70
DA:228,70
DA:229,70
DA:231,70
DA:232,66
DA:234,70
DA:236,70
DA:241,20
DA:243,19
DA:248,2
DA:255,77
DA:256,77
DA:257,77
DA:258,77
DA:264,238
DA:269,20
DA:272,20
DA:275,20
DA:276,20
DA:280,20
DA:282,20
DA:292,55
DA:293,52
DA:298,6
DA:305,31
DA:306,31
DA:309,29
DA:312,29
DA:315,29
DA:318,29
DA:319,29
DA:326,15
DA:327,25
DA:341,12
DA:342,11
DA:344,10
DA:346,10
DA:347,8
DA:353,7
DA:354,6
DA:359,1
DA:360,2
DA:366,1
DA:372,132
DA:375,132
DA:376,132
DA:377,132
DA:378,96
DA:399,132
DA:403,132
DA:405,132
DA:415,1
DA:422,79
DA:424,78
DA:425,3
DA:428,75
DA:430,75
DA:438,133
DA:439,133
DA:440,73
DA:442,133
DA:448,1
DA:455,133
DA:456,133
DA:457,73
DA:459,133
DA:465,1
DA:470,95
DA:481,2
DA:491,4
DA:492,4
DA:493,4
DA:496,4
DA:497,8
DA:498,4
DA:499,4
DA:503,4
DA:504,4
DA:505,4
DA:508,4
DA:513,20
LF:128
LH:127
BRDA:91,1,0,230
BRDA:91,1,1,1
BRDA:95,2,0,229
BRDA:95,2,1,1
BRDA:117,3,0,1
BRDA:117,3,1,2
BRDA:125,4,0,1
BRDA:125,4,1,1
BRDA:132,5,0,1
BRDA:132,5,1,1
BRDA:138,6,0,230
BRDA:138,6,1,1
BRDA:145,7,0,230
BRDA:145,7,1,1
BRDA:173,8,0,76
BRDA:173,8,1,1
BRDA:180,9,0,1
BRDA:180,9,1,68
BRDA:188,10,0,77
BRDA:188,10,1,1
BRDA:198,11,0,18
BRDA:198,11,1,52
BRDA:204,12,0,4
BRDA:204,12,1,66
BRDA:216,13,0,77
BRDA:216,13,1,0
BRDA:217,14,0,71
BRDA:217,14,1,6
BRDA:221,15,0,70
BRDA:221,15,1,1
BRDA:231,16,0,66
BRDA:231,16,1,4
BRDA:241,17,0,19
BRDA:241,17,1,1
BRDA:275,18,0,20
BRDA:275,18,1,0
BRDA:292,19,0,52
BRDA:292,19,1,3
BRDA:306,20,0,29
BRDA:306,20,1,2
BRDA:318,21,0,29
BRDA:318,21,1,0
BRDA:341,22,0,11
BRDA:341,22,1,1
BRDA:342,23,0,10
BRDA:342,23,1,1
BRDA:344,24,0,1
BRDA:344,24,1,9
BRDA:346,25,0,8
BRDA:346,25,1,2
BRDA:353,26,0,6
BRDA:353,26,1,1
BRDA:377,27,0,96
BRDA:377,27,1,36
BRDA:378,28,0,73
BRDA:378,28,1,23
BRDA:379,29,0,4
BRDA:379,29,1,19
BRDA:380,30,0,3
BRDA:380,30,1,16
BRDA:383,31,0,1
BRDA:383,31,1,35
BRDA:384,32,0,2
BRDA:384,32,1,33
BRDA:385,33,0,2
BRDA:385,33,1,31
BRDA:386,34,0,2
BRDA:386,34,1,29
BRDA:387,35,0,2
BRDA:387,35,1,27
BRDA:388,36,0,2
BRDA:388,36,1,25
BRDA:389,37,0,2
BRDA:389,37,1,23
BRDA:390,38,0,2
BRDA:390,38,1,21
BRDA:391,39,0,2
BRDA:391,39,1,19
BRDA:392,40,0,2
BRDA:392,40,1,17
BRDA:393,41,0,2
BRDA:393,41,1,15
BRDA:394,42,0,2
BRDA:394,42,1,13
BRDA:395,43,0,2
BRDA:395,43,1,11
BRDA:396,44,0,2
BRDA:396,44,1,9
BRDA:399,45,0,1
BRDA:399,45,1,131
BRDA:400,46,0,4
BRDA:400,46,1,127
BRDA:422,47,0,78
BRDA:422,47,1,1
BRDA:424,48,0,3
BRDA:424,48,1,75
BRDA:439,49,0,73
BRDA:439,49,1,60
BRDA:456,50,0,73
BRDA:456,50,1,60
BRDA:497,51,0,4
BRDA:497,51,1,4
BRF:102
BRH:99
end_of_record
TN:
SF:/Users/tikonoff/projects/etheal-sale/contracts/EthealPreSale.sol
FN:92,EthealPreSale
FN:135,buyTokens
FN:164,transferToken
FN:188,validPurchase
FN:194,hasEnded
FN:200,claimRefund
FN:205,finalization
FN:232,beforeSale
FN:245,setWhitelist
FN:285,setMaxGas
FN:291,setMinContribution
FN:296,setCaps
FN:304,setTimes
FN:310,setRate
FN:321,afterSaleFail
FN:331,afterSaleSuccess
FN:337,afterSale
FN:345,claimRefundFor
FN:352,claimRefundsFor
FN:358,claimToken
FN:365,claimTokenFor
FN:389,claimTokensFor
FN:395,extractVaultTokens
FN:407,howMuchCanIContributeNow
FN:417,howMuchCanXContributeNow
FN:453,getSaleDay
FN:459,getSaleDayNow
FN:464,uint8Min
FN:469,uint256Min
FN:480,wasSuccess
FN:486,getContributorsCount
FN:496,getContributors
FN:528,getHealBalance
FNF:33
FNH:0
FNDA:0,EthealPreSale
FNDA:0,buyTokens
FNDA:0,transferToken
FNDA:0,validPurchase
FNDA:0,hasEnded
FNDA:0,claimRefund
FNDA:0,finalization
FNDA:0,beforeSale
FNDA:0,setWhitelist
FNDA:0,setMaxGas
FNDA:0,setMinContribution
FNDA:0,setCaps
FNDA:0,setTimes
FNDA:0,setRate
FNDA:0,afterSaleFail
FNDA:0,afterSaleSuccess
FNDA:0,afterSale
FNDA:0,claimRefundFor
FNDA:0,claimRefundsFor
FNDA:0,claimToken
FNDA:0,claimTokenFor
FNDA:0,claimTokensFor
FNDA:0,extractVaultTokens
FNDA:0,howMuchCanIContributeNow
FNDA:0,howMuchCanXContributeNow
FNDA:0,getSaleDay
FNDA:0,getSaleDayNow
FNDA:0,uint8Min
FNDA:0,uint256Min
FNDA:0,wasSuccess
FNDA:0,getContributorsCount
FNDA:0,getContributors
FNDA:0,getHealBalance
DA:112,0
DA:113,0
DA:116,0
DA:119,0
DA:120,0
DA:123,0
DA:124,0
DA:125,0
DA:127,0
DA:128,0
DA:130,0
DA:136,0
DA:138,0
DA:139,0
DA:142,0
DA:143,0
DA:146,0
DA:149,0
DA:150,0
DA:151,0
DA:155,0
DA:156,0
DA:157,0
DA:165,0
DA:167,0
DA:169,0
DA:170,0
DA:174,0
DA:175,0
DA:177,0
DA:178,0
DA:180,0
DA:182,0
DA:189,0
DA:195,0
DA:201,0
DA:206,0
DA:209,0
DA:211,0
DA:214,0
DA:215,0
DA:219,0
DA:220,0
DA:223,0
DA:233,0
DA:234,0
DA:246,0
DA:247,0
DA:250,0
DA:252,0
DA:254,0
DA:255,0
DA:256,0
DA:257,0
DA:258,0
DA:264,0
DA:265,0
DA:267,0
DA:268,0
DA:269,0
DA:274,0
DA:275,0
DA:277,0
DA:278,0
DA:279,0
DA:286,0
DA:287,0
DA:292,0
DA:297,0
DA:298,0
DA:299,0
DA:300,0
DA:305,0
DA:306,0
DA:311,0
DA:322,0
DA:323,0
DA:332,0
DA:333,0
DA:338,0
DA:339,0
DA:346,0
DA:347,0
DA:353,0
DA:354,0
DA:359,0
DA:366,0
DA:367,0
DA:370,0
DA:373,0
DA:376,0
DA:379,0
DA:382,0
DA:383,0
DA:390,0
DA:391,0
DA:396,0
DA:398,0
DA:408,0
DA:418,0
DA:420,0
DA:421,0
DA:424,0
DA:427,0
DA:428,0
DA:431,0
DA:432,0
DA:435,0
DA:438,0
DA:439,0
DA:441,0
DA:444,0
DA:454,0
DA:460,0
DA:465,0
DA:470,0
DA:481,0
DA:487,0
DA:497,0
DA:498,0
DA:499,0
DA:502,0
DA:503,0
DA:504,0
DA:505,0
DA:506,0
DA:511,0
DA:512,0
DA:513,0
DA:514,0
DA:519,0
DA:520,0
DA:521,0
DA:524,0
DA:529,0
LF:135
LH:0
BRDA:112,1,0,0
BRDA:112,1,1,0
BRDA:116,2,0,0
BRDA:116,2,1,0
BRDA:136,3,0,0
BRDA:136,3,1,0
BRDA:142,4,0,0
BRDA:142,4,1,0
BRDA:149,5,0,0
BRDA:149,5,1,0
BRDA:156,6,0,0
BRDA:156,6,1,0
BRDA:165,7,0,0
BRDA:165,7,1,0
BRDA:169,8,0,0
BRDA:169,8,1,0
BRDA:177,9,0,0
BRDA:177,9,1,0
BRDA:209,10,0,0
BRDA:209,10,1,0
BRDA:214,11,0,0
BRDA:214,11,1,0
BRDA:217,12,0,0
BRDA:217,12,1,0
BRDA:233,13,0,0
BRDA:233,13,1,0
BRDA:250,14,0,0
BRDA:250,14,1,0
BRDA:256,15,0,0
BRDA:256,15,1,0
BRDA:265,16,0,0
BRDA:265,16,1,0
BRDA:267,17,0,0
BRDA:267,17,1,0
BRDA:275,18,0,0
BRDA:275,18,1,0
BRDA:277,19,0,0
BRDA:277,19,1,0
BRDA:322,20,0,0
BRDA:322,20,1,0
BRDA:332,21,0,0
BRDA:332,21,1,0
BRDA:338,22,0,0
BRDA:338,22,1,0
BRDA:346,23,0,0
BRDA:346,23,1,0
BRDA:367,24,0,0
BRDA:367,24,1,0
BRDA:382,25,0,0
BRDA:382,25,1,0
BRDA:396,26,0,0
BRDA:396,26,1,0
BRDA:418,27,0,0
BRDA:418,27,1,0
BRDA:420,28,0,0
BRDA:420,28,1,0
BRDA:428,29,0,0
BRDA:428,29,1,0
BRDA:431,30,0,0
BRDA:431,30,1,0
BRDA:438,31,0,0
BRDA:438,31,1,0
BRDA:502,32,0,0
BRDA:502,32,1,0
BRDA:504,33,0,0
BRDA:504,33,1,0
BRDA:512,34,0,0
BRDA:512,34,1,0
BRF:68
BRH:0
end_of_record
TN:
SF:/Users/tikonoff/projects/etheal-sale/contracts/EthealPromoToken.sol
FN:27,EthealPromoToken
FN:32,setCrowdsale
FN:39,virtualBalanceOf
FN:44,name
FN:49,symbol
FN:54,decimals
FN:64,setSaleBonus
FN:74,transfer
FN:85,transferFrom
FN:101,massNotify
FN:109,kill
FNF:11
FNH:11
FNDA:229,EthealPromoToken
FNDA:232,setCrowdsale
FNDA:28,virtualBalanceOf
FNDA:1,name
FNDA:1,symbol
FNDA:1,decimals
FNDA:12,setSaleBonus
FNDA:11,transfer
FNDA:3,transferFrom
FNDA:2,massNotify
FNDA:1,kill
DA:28,229
DA:33,232
DA:40,28
DA:45,1
DA:50,1
DA:55,1
DA:65,12
DA:66,11
DA:68,9
DA:69,8
DA:75,11
DA:77,11
DA:78,10
DA:81,11
DA:86,3
DA:88,3
DA:89,2
DA:92,3
DA:102,2
DA:103,2
DA:104,3
DA:110,1
LF:22
LH:22
BRDA:65,1,0,1
BRDA:65,1,1,11
BRDA:66,2,0,2
BRDA:66,2,1,9
BRDA:68,3,0,8
BRDA:68,3,1,1
BRDA:77,4,0,10
BRDA:77,4,1,1
BRDA:88,5,0,2
BRDA:88,5,1,1
BRF:10
BRH:10
end_of_record
TN:
SF:/Users/tikonoff/projects/etheal-sale/contracts/EthealToken.sol
FN:10,EthealToken
FNF:1
FNH:1
FNDA:229,EthealToken
DA:21,229
LF:1
LH:1
BRF:0
BRH:0
end_of_record
TN:
SF:/Users/tikonoff/projects/etheal-sale/contracts/EthealWhitelist.sol
FN:25,EthealWhitelist
FN:32,setSigner
FN:43,setWhitelist
FN:50,setManyWhitelist
FN:57,isOffchainWhitelisted
FNF:5
FNH:5
FNDA:230,EthealWhitelist
FNDA:4,setSigner
FNDA:52,setWhitelist
FNDA:14,setManyWhitelist
FNDA:38,isOffchainWhitelisted
DA:26,230
DA:28,229
DA:33,4
DA:35,3
DA:44,52
DA:45,51
DA:46,51
DA:51,14
DA:52,28
DA:58,38
DA:59,38
LF:11
LH:11
BRDA:26,1,0,229
BRDA:26,1,1,1
BRDA:33,2,0,3
BRDA:33,2,1,1
BRDA:44,3,0,51
BRDA:44,3,1,1
BRF:6
BRH:6
end_of_record
TN:
SF:/Users/tikonoff/projects/etheal-sale/contracts/FinalizableCrowdsale.sol
FN:23,finalize
FN:38,finalization
FNF:2
FNH:2
FNDA:20,finalize
FNDA:20,finalization
DA:24,20
DA:25,20
DA:27,20
DA:28,20
DA:30,20
LF:5
LH:5
BRDA:24,1,0,20
BRDA:24,1,1,0
BRDA:25,2,0,20
BRDA:25,2,1,0
BRF:4
BRH:2
end_of_record
TN:
SF:/Users/tikonoff/projects/etheal-sale/contracts/HasNoTokens.sol
FN:17,extractTokens
FNF:1
FNH:1
FNDA:2,extractTokens
DA:18,2
DA:19,0
DA:20,0
DA:23,2
DA:24,2
DA:25,2
DA:26,2
LF:7
LH:5
BRDA:18,1,0,0
BRDA:18,1,1,2
BRF:2
BRH:1
end_of_record
TN:
SF:/Users/tikonoff/projects/etheal-sale/contracts/Hodler.sol
FN:55,beforeHodlStart
FN:61,Hodler
FN:71,addHodlerStake
FN:91,setHodlerStake
FN:116,setHodlerTime
FN:129,invalidate
FN:141,claimHodlReward
FN:146,claimHodlRewardFor
FN:184,claimHodlRewardsFor
FN:190,updateAndGetHodlTotalValue
FNF:10
FNH:8
FNDA:49,beforeHodlStart
FNDA:229,Hodler
FNDA:29,addHodlerStake
FNDA:0,setHodlerStake
FNDA:20,setHodlerTime
FNDA:313,invalidate
FNDA:0,claimHodlReward
FNDA:22,claimHodlRewardFor
FNDA:14,claimHodlRewardsFor
FNDA:335,updateAndGetHodlTotalValue
DA:56,49
DA:57,49
DA:62,229
DA:63,229
DA:64,229
DA:73,29
DA:74,0
DA:77,29
DA:78,29
DA:80,29
DA:82,29
DA:84,29
DA:93,0
DA:94,0
DA:97,0
DA:98,0
DA:100,0
DA:103,0
DA:104,0
DA:105,0
DA:107,0
DA:109,0
DA:111,0
DA:117,20
DA:119,20
DA:120,20
DA:121,20
DA:122,20
DA:124,20
DA:130,313
DA:131,7
DA:132,7
DA:133,7
DA:137,313
DA:142,0
DA:148,22
DA:150,22
DA:153,22
DA:156,22
DA:157,11
DA:158,11
DA:160,22
DA:161,8
DA:162,8
DA:164,22
DA:165,5
DA:166,5
DA:169,22
DA:171,19
DA:174,19
DA:177,19
DA:185,14
DA:186,22
DA:191,335
DA:192,264
DA:195,335
DA:196,262
DA:199,335
DA:200,260
DA:203,260
DA:206,335
LF:61
LH:48
BRDA:56,1,0,49
BRDA:56,1,1,0
BRDA:73,2,0,0
BRDA:73,2,1,29
BRDA:77,3,0,29
BRDA:77,3,1,0
BRDA:93,4,0,0
BRDA:93,4,1,0
BRDA:97,5,0,0
BRDA:97,5,1,0
BRDA:99,6,0,0
BRDA:99,6,1,0
BRDA:103,7,0,0
BRDA:103,7,1,0
BRDA:104,8,0,0
BRDA:104,8,1,0
BRDA:117,9,0,20
BRDA:117,9,1,0
BRDA:130,10,0,7
BRDA:130,10,1,306
BRDA:148,11,0,22
BRDA:148,11,1,0
BRDA:156,12,0,11
BRDA:156,12,1,11
BRDA:160,13,0,8
BRDA:160,13,1,14
BRDA:164,14,0,5
BRDA:164,14,1,17
BRDA:169,15,0,19
BRDA:169,15,1,3
BRDA:174,16,0,19
BRDA:174,16,1,0
BRDA:191,17,0,264
BRDA:191,17,1,71
BRDA:195,18,0,262
BRDA:195,18,1,73
BRDA:199,19,0,260
BRDA:199,19,1,75
BRF:38
BRH:22
end_of_record
TN:
SF:/Users/tikonoff/projects/etheal-sale/contracts/iEthealSale.sol
FNF:0
FNH:0
LF:0
LH:0
BRF:0
BRH:0
end_of_record
TN:
SF:/Users/tikonoff/projects/etheal-sale/contracts/MiniMeToken.sol
FN:86,MiniMeToken
FN:114,transfer
FN:125,transferFrom
FN:148,doTransfer
FN:190,balanceOf
FN:200,approve
FN:224,allowance
FN:236,approveAndCall
FN:252,totalSupply
FN:265,balanceOfAt
FN:291,totalSupplyAt
FN:326,createCloneToken
FN:358,generateTokens
FN:375,destroyTokens
FN:394,enableTransfers
FN:406,getValueAt
FN:433,updateValueAtNow
FN:449,isContract
FN:459,min
FN:466,
FN:479,claimTokens
FN:521,createCloneToken
FNF:22
FNH:12
FNDA:229,MiniMeToken
FNDA:84,transfer
FNDA:229,transferFrom
FNDA:313,doTransfer
FNDA:1931,balanceOf
FNDA:0,approve
FNDA:0,allowance
FNDA:0,approveAndCall
FNDA:1832,totalSupply
FNDA:2556,balanceOfAt
FNDA:1832,totalSupplyAt
FNDA:0,createCloneToken
FNDA:1603,generateTokens
FNDA:0,destroyTokens
FNDA:0,enableTransfers
FNDA:2053,getValueAt
FNDA:3830,updateValueAtNow
FNDA:313,isContract
FNDA:0,min
FNDA:0,
FNDA:0,claimTokens
FNDA:0,createCloneToken
DA:95,229
DA:96,229
DA:97,229
DA:98,229
DA:99,229
DA:100,229
DA:101,229
DA:102,229
DA:115,84
DA:116,84
DA:132,229
DA:133,0
DA:136,0
DA:137,0
DA:139,229
DA:151,313
DA:152,0
DA:155,313
DA:158,313
DA:162,313
DA:163,313
DA:164,0
DA:168,313
DA:169,313
DA:174,312
DA:178,312
DA:179,312
DA:180,312
DA:183,312
DA:185,312
DA:191,1931
DA:201,0
DA:207,0
DA:210,0
DA:211,0
DA:214,0
DA:215,0
DA:216,0
DA:226,0
DA:238,0
DA:240,0
DA:247,0
DA:253,1832
DA:273,2556
DA:275,1877
DA:276,0
DA:279,1877
DA:284,679
DA:298,1832
DA:300,458
DA:301,0
DA:303,458
DA:308,1374
DA:333,0
DA:334,0
DA:343,0
DA:346,0
DA:347,0
DA:360,1603
DA:361,1603
DA:362,1603
DA:363,1603
DA:364,1603
DA:365,1603
DA:366,1603
DA:367,1603
DA:377,0
DA:378,0
DA:379,0
DA:380,0
DA:381,0
DA:382,0
DA:383,0
DA:384,0
DA:395,0
DA:408,2053
DA:411,2053
DA:412,2053
DA:413,0
DA:416,0
DA:417,0
DA:418,0
DA:419,0
DA:420,0
DA:421,0
DA:423,0
DA:426,0
DA:435,3830
DA:437,2439
DA:438,2439
DA:439,2439
DA:441,1391
DA:442,1391
DA:450,313
DA:451,313
DA:452,313
DA:455,313
DA:460,0
DA:467,0
DA:468,0
DA:480,0
DA:481,0
DA:482,0
DA:485,0
DA:486,0
DA:487,0
DA:488,0
DA:529,0
DA:539,0
DA:540,0
LF:110
LH:56
BRDA:115,1,0,84
BRDA:115,1,1,0
BRDA:132,2,0,0
BRDA:132,2,1,229
BRDA:133,3,0,0
BRDA:133,3,1,0
BRDA:136,4,0,0
BRDA:136,4,1,0
BRDA:151,5,0,0
BRDA:151,5,1,313
BRDA:155,6,0,313
BRDA:155,6,1,0
BRDA:158,7,0,313
BRDA:158,7,1,0
BRDA:163,8,0,0
BRDA:163,8,1,313
BRDA:168,9,0,313
BRDA:168,9,1,0
BRDA:169,10,0,312
BRDA:169,10,1,1
BRDA:179,11,0,312
BRDA:179,11,1,0
BRDA:201,12,0,0
BRDA:201,12,1,0
BRDA:207,13,0,0
BRDA:207,13,1,0
BRDA:210,14,0,0
BRDA:210,14,1,0
BRDA:211,15,0,0
BRDA:211,15,1,0
BRDA:238,16,0,0
BRDA:238,16,1,0
BRDA:273,17,0,1877
BRDA:273,17,1,679
BRDA:275,18,0,0
BRDA:275,18,1,1877
BRDA:298,19,0,458
BRDA:298,19,1,1374
BRDA:300,20,0,0
BRDA:300,20,1,458
BRDA:333,21,0,0
BRDA:333,21,1,0
BRDA:361,22,0,1603
BRDA:361,22,1,0
BRDA:363,23,0,1603
BRDA:363,23,1,0
BRDA:378,24,0,0
BRDA:378,24,1,0
BRDA:380,25,0,0
BRDA:380,25,1,0
BRDA:408,26,0,0
BRDA:408,26,1,2053
BRDA:411,27,0,2053
BRDA:411,27,1,0
BRDA:413,28,0,0
BRDA:413,28,1,0
BRDA:420,29,0,0
BRDA:420,29,1,0
BRDA:435,30,0,2439
BRDA:435,30,1,1391
BRDA:451,31,0,0
BRDA:451,31,1,313
BRDA:467,32,0,0
BRDA:467,32,1,0
BRDA:468,33,0,0
BRDA:468,33,1,0
BRDA:480,34,0,0
BRDA:480,34,1,0
BRF:68
BRH:23
end_of_record
TN:
SF:/Users/tikonoff/projects/etheal-sale/contracts/Ownable.sol
FN:20,Ownable
FN:28,onlyOwner
FN:38,transferOwnership
FNF:3
FNH:2
FNDA:1380,Ownable
FNDA:1901,onlyOwner
FNDA:0,transferOwnership
DA:21,1380
DA:29,1901
DA:30,1879
DA:39,0
DA:40,0
DA:41,0
LF:6
LH:3
BRDA:29,1,0,1879
BRDA:29,1,1,22
BRDA:39,2,0,0
BRDA:39,2,1,0
BRF:4
BRH:2
end_of_record
TN:
SF:/Users/tikonoff/projects/etheal-sale/contracts/Pausable.sol
FN:21,whenNotPaused
FN:29,whenPaused
FN:37,pause
FN:45,unpause
FNF:4
FNH:3
FNDA:111,whenNotPaused
FNDA:246,whenPaused
FNDA:0,pause
FNDA:17,unpause
DA:22,111
DA:23,111
DA:30,246
DA:31,246
DA:38,0
DA:39,0
DA:46,17
DA:47,17
LF:8
LH:6
BRDA:22,1,0,111
BRDA:22,1,1,0
BRDA:30,2,0,246
BRDA:30,2,1,0
BRF:4
BRH:2
end_of_record
TN:
SF:/Users/tikonoff/projects/etheal-sale/contracts/RefundableCrowdsale.sol
FN:24,RefundableCrowdsale
FN:34,forwardFunds
FN:42,claimRefund
FN:50,finalization
FN:60,goalReached
FNF:5
FNH:0
FNDA:0,RefundableCrowdsale
FNDA:0,forwardFunds
FNDA:0,claimRefund
FNDA:0,finalization
FNDA:0,goalReached
DA:25,0
DA:26,0
DA:27,0
DA:35,0
DA:36,0
DA:38,0
DA:43,0
DA:44,0
DA:46,0
DA:51,0
DA:52,0
DA:54,0
DA:57,0
DA:61,0
LF:14
LH:0
BRDA:25,1,0,0
BRDA:25,1,1,0
BRDA:35,2,0,0
BRDA:35,2,1,0
BRDA:43,3,0,0
BRDA:43,3,1,0
BRDA:44,4,0,0
BRDA:44,4,1,0
BRDA:51,5,0,0
BRDA:51,5,1,0
BRF:10
BRH:0
end_of_record
TN:
SF:/Users/tikonoff/projects/etheal-sale/contracts/RefundVault.sol
FN:26,RefundVault
FN:32,deposit
FN:37,close
FN:44,enableRefunds
FN:50,refund
FNF:5
FNH:0
FNDA:0,RefundVault
FNDA:0,deposit
FNDA:0,close
FNDA:0,enableRefunds
FNDA:0,refund
DA:27,0
DA:28,0
DA:29,0
DA:33,0
DA:34,0
DA:38,0
DA:39,0
DA:40,0
DA:41,0
DA:45,0
DA:46,0
DA:47,0
DA:51,0
DA:52,0
DA:53,0
DA:54,0
DA:55,0
LF:17
LH:0
BRDA:27,1,0,0
BRDA:27,1,1,0
BRDA:33,2,0,0
BRDA:33,2,1,0
BRDA:38,3,0,0
BRDA:38,3,1,0
BRDA:45,4,0,0
BRDA:45,4,1,0
BRDA:51,5,0,0
BRDA:51,5,1,0
BRF:10
BRH:0
end_of_record
TN:
SF:/Users/tikonoff/projects/etheal-sale/contracts/SafeMath.sol
FN:9,mul
FN:15,div
FN:22,sub
FN:27,add
FNF:4
FNH:4
FNDA:393,mul
FNDA:717,div
FNDA:946,sub
FNDA:2680,add
DA:10,393
DA:11,393
DA:12,393
DA:17,717
DA:19,717
DA:23,946
DA:24,946
DA:28,2680
DA:29,2680
DA:30,2680
LF:10
LH:10
BRDA:11,1,0,393
BRDA:11,1,1,0
BRDA:23,2,0,946
BRDA:23,2,1,0
BRDA:29,3,0,2680
BRDA:29,3,1,0
BRF:6
BRH:3
end_of_record
TN:
SF:/Users/tikonoff/projects/etheal-sale/contracts/TokenController.sol
FNF:0
FNH:0
LF:0
LH:0
BRF:0
BRH:0
end_of_record
TN:
SF:/Users/tikonoff/projects/etheal-sale/contracts/TokenVesting.sol
FN:40,TokenVesting
FN:55,release
FN:72,revoke
FN:92,releasableAmount
FN:100,vestedAmount
FNF:5
FNH:0
FNDA:0,TokenVesting
FNDA:0,release
FNDA:0,revoke
FNDA:0,releasableAmount
FNDA:0,vestedAmount
DA:41,0
DA:42,0
DA:44,0
DA:45,0
DA:46,0
DA:47,0
DA:48,0
DA:56,0
DA:58,0
DA:60,0
DA:62,0
DA:64,0
DA:73,0
DA:74,0
DA:76,0
DA:78,0
DA:79,0
DA:81,0
DA:83,0
DA:85,0
DA:93,0
DA:101,0
DA:102,0
DA:104,0
DA:105,0
DA:107,0
DA:109,0
LF:27
LH:0
BRDA:41,1,0,0
BRDA:41,1,1,0
BRDA:42,2,0,0
BRDA:42,2,1,0
BRDA:58,3,0,0
BRDA:58,3,1,0
BRDA:62,4,0,0
BRDA:62,4,1,0
BRDA:73,5,0,0
BRDA:73,5,1,0
BRDA:74,6,0,0
BRDA:74,6,1,0
BRDA:83,7,0,0
BRDA:83,7,1,0
BRDA:104,8,0,0
BRDA:104,8,1,0
BRDA:106,9,0,0
BRDA:106,9,1,0
BRF:18
BRH:0
end_of_record
TN:
SF:/Users/tikonoff/projects/etheal-sale/contracts/Wallet.sol
FN:33,onlyWallet
FN:39,ownerDoesNotExist
FN:45,ownerExists
FN:51,transactionExists
FN:57,confirmed
FN:63,notConfirmed
FN:69,notExecuted
FN:75,notNull
FN:81,validRequirement
FN:91,
FN:104,MultiSigWallet
FN:119,addOwner
FN:133,removeOwner
FN:153,replaceOwner
FN:172,changeRequirement
FN:186,submitTransaction
FN:196,confirmTransaction
FN:209,revokeConfirmation
FN:221,executeTransaction
FN:240,isConfirmed
FN:262,addTransaction
FN:284,getConfirmationCount
FN:298,getTransactionCount
FN:311,getOwners
FN:322,getConfirmations
FN:346,getTransactionIds
FN:385,MultiSigWalletWithDailyLimit
FN:394,changeDailyLimit
FN:404,executeTransaction
FN:431,isUnderLimit
FN:449,calcMaxWithdraw
FNF:31
FNH:0
FNDA:0,onlyWallet
FNDA:0,ownerDoesNotExist
FNDA:0,ownerExists
FNDA:0,transactionExists
FNDA:0,confirmed
FNDA:0,notConfirmed
FNDA:0,notExecuted
FNDA:0,notNull
FNDA:0,validRequirement
FNDA:0,
FNDA:0,MultiSigWallet
FNDA:0,addOwner
FNDA:0,removeOwner
FNDA:0,replaceOwner
FNDA:0,changeRequirement
FNDA:0,submitTransaction
FNDA:0,confirmTransaction
FNDA:0,revokeConfirmation
FNDA:0,executeTransaction
FNDA:0,isConfirmed
FNDA:0,addTransaction
FNDA:0,getConfirmationCount
FNDA:0,getTransactionCount
FNDA:0,getOwners
FNDA:0,getConfirmations
FNDA:0,getTransactionIds
FNDA:0,MultiSigWalletWithDailyLimit
FNDA:0,changeDailyLimit
FNDA:0,executeTransaction
FNDA:0,isUnderLimit
FNDA:0,calcMaxWithdraw
DA:34,0
DA:35,0
DA:36,0
DA:40,0
DA:41,0
DA:42,0
DA:46,0
DA:47,0
DA:48,0
DA:52,0
DA:53,0
DA:54,0
DA:58,0
DA:59,0
DA:60,0
DA:64,0
DA:65,0
DA:66,0
DA:70,0
DA:71,0
DA:72,0
DA:76,0
DA:77,0
DA:78,0
DA:82,0
DA:86,0
DA:87,0
DA:94,0
DA:95,0
DA:108,0
DA:109,0
DA:110,0
DA:111,0
DA:113,0
DA:114,0
DA:126,0
DA:127,0
DA:128,0
DA:138,0
DA:139,0
DA:140,0
DA:141,0
DA:142,0
DA:144,0
DA:145,0
DA:146,0
DA:147,0
DA:159,0
DA:160,0
DA:161,0
DA:162,0
DA:164,0
DA:165,0
DA:166,0
DA:167,0
DA:177,0
DA:178,0
DA:190,0
DA:191,0
DA:202,0
DA:203,0
DA:204,0
DA:215,0
DA:216,0
DA:225,0
DA:226,0
DA:227,0
DA:228,0
DA:229,0
DA:231,0
DA:232,0
DA:245,0
DA:246,0
DA:247,0
DA:248,0
DA:249,0
DA:250,0
DA:267,0
DA:268,0
DA:274,0
DA:275,0
DA:289,0
DA:290,0
DA:291,0
DA:303,0
DA:304,0
DA:306,0
DA:316,0
DA:327,0
DA:328,0
DA:329,0
DA:330,0
DA:331,0
DA:332,0
DA:333,0
DA:335,0
DA:336,0
DA:337,0
DA:351,0
DA:352,0
DA:353,0
DA:354,0
DA:355,0
DA:358,0
DA:359,0
DA:361,0
DA:362,0
DA:363,0
DA:389,0
DA:398,0
DA:399,0
DA:408,0
DA:409,0
DA:410,0
DA:411,0
DA:412,0
DA:413,0
DA:414,0
DA:415,0
DA:417,0
DA:418,0
DA:419,0
DA:420,0
DA:435,0
DA:436,0
DA:437,0
DA:439,0
DA:440,0
DA:441,0
DA:454,0
DA:455,0
DA:456,0
DA:457,0
DA:458,0
LF:134
LH:0
BRDA:34,1,0,0
BRDA:34,1,1,0
BRDA:40,2,0,0
BRDA:40,2,1,0
BRDA:46,3,0,0
BRDA:46,3,1,0
BRDA:52,4,0,0
BRDA:52,4,1,0
BRDA:58,5,0,0
BRDA:58,5,1,0
BRDA:64,6,0,0
BRDA:64,6,1,0
BRDA:70,7,0,0
BRDA:70,7,1,0
BRDA:76,8,0,0
BRDA:76,8,1,0
BRDA:82,9,0,0
BRDA:82,9,1,0
BRDA:94,10,0,0
BRDA:94,10,1,0
BRDA:109,11,0,0
BRDA:109,11,1,0
BRDA:140,12,0,0
BRDA:140,12,1,0
BRDA:145,13,0,0
BRDA:145,13,1,0
BRDA:160,14,0,0
BRDA:160,14,1,0
BRDA:225,15,0,0
BRDA:225,15,1,0
BRDA:228,16,0,0
BRDA:228,16,1,0
BRDA:247,17,0,0
BRDA:247,17,1,0
BRDA:249,18,0,0
BRDA:249,18,1,0
BRDA:290,19,0,0
BRDA:290,19,1,0
BRDA:304,20,0,0
BRDA:304,20,1,0
BRDA:331,21,0,0
BRDA:331,21,1,0
BRDA:355,22,0,0
BRDA:355,22,1,0
BRDA:410,23,0,0
BRDA:410,23,1,0
BRDA:412,24,0,0
BRDA:412,24,1,0
BRDA:414,25,0,0
BRDA:414,25,1,0
BRDA:419,26,0,0
BRDA:419,26,1,0
BRDA:435,27,0,0
BRDA:435,27,1,0
BRDA:439,28,0,0
BRDA:439,28,1,0
BRDA:454,29,0,0
BRDA:454,29,1,0
BRDA:456,30,0,0
BRDA:456,30,1,0
BRF:60
BRH:0
end_of_record
